{"/home/rozar/Documents/charisma/charisma/packages/blaze-sdk/src/balances.ts": {"path":"/home/rozar/Documents/charisma/charisma/packages/blaze-sdk/src/balances.ts","statementMap":{"0":{"start":{"line":55,"column":0},"end":{"line":55,"column":22}},"1":{"start":{"line":40,"column":4},"end":{"line":47,"column":6}},"2":{"start":{"line":59,"column":30},"end":{"line":59,"column":60}},"3":{"start":{"line":60,"column":27},"end":{"line":60,"column":54}},"4":{"start":{"line":61,"column":16},"end":{"line":61,"column":98}},"5":{"start":{"line":63,"column":4},"end":{"line":95,"column":5}},"6":{"start":{"line":64,"column":25},"end":{"line":64,"column":41}},"7":{"start":{"line":66,"column":8},"end":{"line":71,"column":9}},"8":{"start":{"line":67,"column":12},"end":{"line":69,"column":14}},"9":{"start":{"line":70,"column":12},"end":{"line":70,"column":65}},"10":{"start":{"line":74,"column":22},"end":{"line":74,"column":43}},"11":{"start":{"line":76,"column":8},"end":{"line":81,"column":9}},"12":{"start":{"line":77,"column":12},"end":{"line":79,"column":null}},"13":{"start":{"line":84,"column":8},"end":{"line":91,"column":10}},"14":{"start":{"line":93,"column":8},"end":{"line":93,"column":86}},"15":{"start":{"line":94,"column":8},"end":{"line":94,"column":61}}},"fnMap":{"0":{"name":"createDefaultBalanceData","decl":{"start":{"line":39,"column":9},"end":{"line":39,"column":33}},"loc":{"start":{"line":39,"column":69},"end":{"line":48,"column":1}}},"1":{"name":"getUserTokenBalance","decl":{"start":{"line":55,"column":22},"end":{"line":55,"column":41}},"loc":{"start":{"line":57,"column":19},"end":{"line":96,"column":null}}}},"branchMap":{"0":{"loc":{"start":{"line":66,"column":8},"end":{"line":71,"column":9}},"type":"if","locations":[{"start":{"line":66,"column":8},"end":{"line":71,"column":9}}]},"1":{"loc":{"start":{"line":76,"column":8},"end":{"line":81,"column":9}},"type":"if","locations":[{"start":{"line":76,"column":8},"end":{"line":81,"column":9}}]},"2":{"loc":{"start":{"line":79,"column":23},"end":{"line":79,"column":61}},"type":"binary-expr","locations":[{"start":{"line":79,"column":23},"end":{"line":79,"column":33}},{"start":{"line":79,"column":37},"end":{"line":79,"column":61}}]},"3":{"loc":{"start":{"line":87,"column":28},"end":{"line":87,"column":54}},"type":"cond-expr","locations":[{"start":{"line":87,"column":47},"end":{"line":87,"column":51}},{"start":{"line":87,"column":51},"end":{"line":87,"column":54}}]},"4":{"loc":{"start":{"line":87,"column":28},"end":{"line":87,"column":51}},"type":"binary-expr","locations":[{"start":{"line":87,"column":28},"end":{"line":87,"column":51}},{"start":{"line":87,"column":47},"end":{"line":87,"column":51}}]},"5":{"loc":{"start":{"line":88,"column":25},"end":{"line":88,"column":48}},"type":"cond-expr","locations":[{"start":{"line":88,"column":41},"end":{"line":88,"column":45}},{"start":{"line":88,"column":45},"end":{"line":88,"column":48}}]},"6":{"loc":{"start":{"line":88,"column":25},"end":{"line":88,"column":45}},"type":"binary-expr","locations":[{"start":{"line":88,"column":25},"end":{"line":88,"column":45}},{"start":{"line":88,"column":41},"end":{"line":88,"column":45}}]},"7":{"loc":{"start":{"line":89,"column":36},"end":{"line":89,"column":70}},"type":"cond-expr","locations":[{"start":{"line":89,"column":63},"end":{"line":89,"column":67}},{"start":{"line":89,"column":67},"end":{"line":89,"column":70}}]},"8":{"loc":{"start":{"line":89,"column":36},"end":{"line":89,"column":67}},"type":"binary-expr","locations":[{"start":{"line":89,"column":36},"end":{"line":89,"column":67}},{"start":{"line":89,"column":63},"end":{"line":89,"column":67}}]}},"s":{"0":1,"1":1,"2":4,"3":4,"4":4,"5":4,"6":4,"7":4,"8":1,"9":1,"10":3,"11":3,"12":0,"13":3,"14":0,"15":0},"f":{"0":1,"1":4},"b":{"0":[1],"1":[0],"2":[0,0],"3":[3,0],"4":[3,3],"5":[3,0],"6":[3,3],"7":[3,0],"8":[3,3]}}
,"/home/rozar/Documents/charisma/charisma/packages/blaze-sdk/src/constants.ts": {"path":"/home/rozar/Documents/charisma/charisma/packages/blaze-sdk/src/constants.ts","statementMap":{"0":{"start":{"line":1,"column":0},"end":{"line":1,"column":70}},"1":{"start":{"line":3,"column":13},"end":{"line":7,"column":3}},"2":{"start":{"line":10,"column":13},"end":{"line":10,"column":95}},"3":{"start":{"line":11,"column":13},"end":{"line":11,"column":86}},"4":{"start":{"line":14,"column":13},"end":{"line":14,"column":38}},"5":{"start":{"line":15,"column":13},"end":{"line":15,"column":88}},"6":{"start":{"line":17,"column":13},"end":{"line":20,"column":2}}},"fnMap":{},"branchMap":{},"s":{"0":2,"1":2,"2":2,"3":2,"4":2,"5":2,"6":2},"f":{},"b":{}}
,"/home/rozar/Documents/charisma/charisma/packages/blaze-sdk/src/core.ts": {"path":"/home/rozar/Documents/charisma/charisma/packages/blaze-sdk/src/core.ts","statementMap":{"0":{"start":{"line":30,"column":0},"end":{"line":30,"column":16}},"1":{"start":{"line":56,"column":0},"end":{"line":56,"column":22}},"2":{"start":{"line":107,"column":0},"end":{"line":107,"column":22}},"3":{"start":{"line":154,"column":0},"end":{"line":154,"column":22}},"4":{"start":{"line":195,"column":0},"end":{"line":195,"column":22}},"5":{"start":{"line":223,"column":0},"end":{"line":223,"column":22}},"6":{"start":{"line":9,"column":0},"end":{"line":9,"column":null}},"7":{"start":{"line":18,"column":0},"end":{"line":18,"column":61}},"8":{"start":{"line":19,"column":0},"end":{"line":19,"column":54}},"9":{"start":{"line":20,"column":0},"end":{"line":20,"column":48}},"10":{"start":{"line":22,"column":40},"end":{"line":22,"column":72}},"11":{"start":{"line":31,"column":44},"end":{"line":31,"column":63}},"12":{"start":{"line":32,"column":4},"end":{"line":34,"column":5}},"13":{"start":{"line":33,"column":8},"end":{"line":33,"column":77}},"14":{"start":{"line":35,"column":4},"end":{"line":35,"column":43}},"15":{"start":{"line":57,"column":4},"end":{"line":98,"column":null}},"16":{"start":{"line":63,"column":22},"end":{"line":65,"column":18}},"17":{"start":{"line":67,"column":22},"end":{"line":69,"column":18}},"18":{"start":{"line":71,"column":22},"end":{"line":73,"column":18}},"19":{"start":{"line":76,"column":24},"end":{"line":87,"column":null}},"20":{"start":{"line":90,"column":4},"end":{"line":97,"column":5}},"21":{"start":{"line":91,"column":8},"end":{"line":91,"column":34}},"22":{"start":{"line":93,"column":8},"end":{"line":96,"column":10}},"23":{"start":{"line":112,"column":29},"end":{"line":112,"column":98}},"24":{"start":{"line":113,"column":27},"end":{"line":113,"column":90}},"25":{"start":{"line":116,"column":24},"end":{"line":123,"column":null}},"26":{"start":{"line":127,"column":4},"end":{"line":141,"column":5}},"27":{"start":{"line":133,"column":8},"end":{"line":133,"column":39}},"28":{"start":{"line":134,"column":11},"end":{"line":141,"column":5}},"29":{"start":{"line":135,"column":8},"end":{"line":135,"column":97}},"30":{"start":{"line":137,"column":8},"end":{"line":140,"column":10}},"31":{"start":{"line":155,"column":4},"end":{"line":187,"column":null}},"32":{"start":{"line":163,"column":22},"end":{"line":163,"column":93}},"33":{"start":{"line":164,"column":22},"end":{"line":164,"column":86}},"34":{"start":{"line":165,"column":22},"end":{"line":165,"column":91}},"35":{"start":{"line":168,"column":24},"end":{"line":180,"column":null}},"36":{"start":{"line":183,"column":4},"end":{"line":185,"column":5}},"37":{"start":{"line":184,"column":8},"end":{"line":184,"column":99}},"38":{"start":{"line":186,"column":4},"end":{"line":186,"column":24}},"39":{"start":{"line":197,"column":24},"end":{"line":201,"column":null}},"40":{"start":{"line":205,"column":4},"end":{"line":211,"column":5}},"41":{"start":{"line":206,"column":8},"end":{"line":206,"column":20}},"42":{"start":{"line":207,"column":11},"end":{"line":211,"column":5}},"43":{"start":{"line":208,"column":8},"end":{"line":208,"column":21}},"44":{"start":{"line":210,"column":8},"end":{"line":210,"column":71}},"45":{"start":{"line":224,"column":4},"end":{"line":270,"column":null}},"46":{"start":{"line":230,"column":27},"end":{"line":230,"column":90}},"47":{"start":{"line":233,"column":22},"end":{"line":235,"column":18}},"48":{"start":{"line":237,"column":22},"end":{"line":239,"column":18}},"49":{"start":{"line":241,"column":22},"end":{"line":243,"column":18}},"50":{"start":{"line":246,"column":19},"end":{"line":257,"column":6}},"51":{"start":{"line":259,"column":24},"end":{"line":259,"column":55}},"52":{"start":{"line":260,"column":19},"end":{"line":260,"column":67}},"53":{"start":{"line":263,"column":4},"end":{"line":269,"column":5}},"54":{"start":{"line":264,"column":8},"end":{"line":264,"column":27}},"55":{"start":{"line":267,"column":29},"end":{"line":267,"column":91}},"56":{"start":{"line":268,"column":8},"end":{"line":268,"column":62}}},"fnMap":{"0":{"name":"parseContract","decl":{"start":{"line":30,"column":16},"end":{"line":30,"column":29}},"loc":{"start":{"line":30,"column":46},"end":{"line":36,"column":1}}},"1":{"name":"generateHash","decl":{"start":{"line":56,"column":22},"end":{"line":56,"column":34}},"loc":{"start":{"line":56,"column":34},"end":{"line":98,"column":null}}},"2":{"name":"(anonymous_18)","decl":{"start":{"line":57,"column":4},"end":{"line":57,"column":24}},"loc":{"start":{"line":60,"column":36},"end":{"line":98,"column":1}}},"3":{"name":"verifySignature","decl":{"start":{"line":107,"column":22},"end":{"line":107,"column":37}},"loc":{"start":{"line":109,"column":21},"end":{"line":142,"column":null}}},"4":{"name":"recoverSigner","decl":{"start":{"line":154,"column":22},"end":{"line":154,"column":35}},"loc":{"start":{"line":154,"column":35},"end":{"line":187,"column":null}}},"5":{"name":"(anonymous_22)","decl":{"start":{"line":155,"column":4},"end":{"line":155,"column":21}},"loc":{"start":{"line":159,"column":36},"end":{"line":187,"column":1}}},"6":{"name":"checkUUID","decl":{"start":{"line":195,"column":22},"end":{"line":195,"column":31}},"loc":{"start":{"line":195,"column":44},"end":{"line":212,"column":null}}},"7":{"name":"submitSignature","decl":{"start":{"line":223,"column":22},"end":{"line":223,"column":37}},"loc":{"start":{"line":223,"column":37},"end":{"line":270,"column":null}}},"8":{"name":"(anonymous_26)","decl":{"start":{"line":224,"column":4},"end":{"line":224,"column":21}},"loc":{"start":{"line":227,"column":36},"end":{"line":270,"column":1}}},"9":{"name":"(anonymous_27)","decl":{"start":{"line":259,"column":24},"end":{"line":259,"column":37}},"loc":{"start":{"line":259,"column":24},"end":{"line":259,"column":55}}}},"branchMap":{"0":{"loc":{"start":{"line":32,"column":4},"end":{"line":34,"column":5}},"type":"if","locations":[{"start":{"line":32,"column":4},"end":{"line":34,"column":5}}]},"1":{"loc":{"start":{"line":32,"column":8},"end":{"line":32,"column":41}},"type":"binary-expr","locations":[{"start":{"line":32,"column":8},"end":{"line":32,"column":24}},{"start":{"line":32,"column":28},"end":{"line":32,"column":41}}]},"2":{"loc":{"start":{"line":60,"column":4},"end":{"line":60,"column":36}},"type":"default-arg","locations":[{"start":{"line":60,"column":34},"end":{"line":60,"column":36}}]},"3":{"loc":{"start":{"line":63,"column":22},"end":{"line":65,"column":18}},"type":"cond-expr","locations":[{"start":{"line":64,"column":10},"end":{"line":64,"column":53}},{"start":{"line":65,"column":10},"end":{"line":65,"column":18}}]},"4":{"loc":{"start":{"line":67,"column":22},"end":{"line":69,"column":18}},"type":"cond-expr","locations":[{"start":{"line":68,"column":10},"end":{"line":68,"column":46}},{"start":{"line":69,"column":10},"end":{"line":69,"column":18}}]},"5":{"loc":{"start":{"line":71,"column":22},"end":{"line":73,"column":18}},"type":"cond-expr","locations":[{"start":{"line":72,"column":10},"end":{"line":72,"column":51}},{"start":{"line":73,"column":10},"end":{"line":73,"column":18}}]},"6":{"loc":{"start":{"line":90,"column":4},"end":{"line":97,"column":5}},"type":"if","locations":[{"start":{"line":90,"column":4},"end":{"line":97,"column":5}},{"start":{"line":92,"column":11},"end":{"line":97,"column":5}}]},"7":{"loc":{"start":{"line":90,"column":8},"end":{"line":90,"column":28}},"type":"cond-expr","locations":[{"start":{"line":90,"column":21},"end":{"line":90,"column":23}},{"start":{"line":90,"column":21},"end":{"line":90,"column":28}}]},"8":{"loc":{"start":{"line":90,"column":8},"end":{"line":90,"column":23}},"type":"binary-expr","locations":[{"start":{"line":90,"column":8},"end":{"line":90,"column":23}},{"start":{"line":90,"column":21},"end":{"line":90,"column":23}}]},"9":{"loc":{"start":{"line":90,"column":8},"end":{"line":90,"column":21}},"type":"cond-expr","locations":[{"start":{"line":90,"column":14},"end":{"line":90,"column":16}},{"start":{"line":90,"column":8},"end":{"line":90,"column":21}}]},"10":{"loc":{"start":{"line":90,"column":8},"end":{"line":90,"column":16}},"type":"binary-expr","locations":[{"start":{"line":90,"column":8},"end":{"line":90,"column":16}},{"start":{"line":90,"column":8},"end":{"line":90,"column":16}}]},"11":{"loc":{"start":{"line":94,"column":39},"end":{"line":94,"column":null}},"type":"cond-expr","locations":[{"start":{"line":94,"column":48},"end":{"line":94,"column":87}},{"start":{"line":94,"column":90},"end":{"line":94,"column":null}}]},"12":{"loc":{"start":{"line":112,"column":29},"end":{"line":112,"column":98}},"type":"cond-expr","locations":[{"start":{"line":112,"column":60},"end":{"line":112,"column":84}},{"start":{"line":112,"column":87},"end":{"line":112,"column":98}}]},"13":{"loc":{"start":{"line":113,"column":27},"end":{"line":113,"column":90}},"type":"cond-expr","locations":[{"start":{"line":113,"column":56},"end":{"line":113,"column":78}},{"start":{"line":113,"column":81},"end":{"line":113,"column":90}}]},"14":{"loc":{"start":{"line":127,"column":4},"end":{"line":141,"column":5}},"type":"if","locations":[{"start":{"line":127,"column":4},"end":{"line":141,"column":5}},{"start":{"line":134,"column":11},"end":{"line":141,"column":5}}]},"15":{"loc":{"start":{"line":128,"column":8},"end":{"line":131,"column":59}},"type":"binary-expr","locations":[{"start":{"line":128,"column":8},"end":{"line":128,"column":14}},{"start":{"line":129,"column":8},"end":{"line":129,"column":46}},{"start":{"line":130,"column":8},"end":{"line":130,"column":20}},{"start":{"line":131,"column":8},"end":{"line":131,"column":59}}]},"16":{"loc":{"start":{"line":134,"column":11},"end":{"line":141,"column":5}},"type":"if","locations":[{"start":{"line":134,"column":11},"end":{"line":141,"column":5}},{"start":{"line":136,"column":11},"end":{"line":141,"column":5}}]},"17":{"loc":{"start":{"line":134,"column":15},"end":{"line":134,"column":64}},"type":"binary-expr","locations":[{"start":{"line":134,"column":15},"end":{"line":134,"column":21}},{"start":{"line":134,"column":25},"end":{"line":134,"column":64}}]},"18":{"loc":{"start":{"line":138,"column":64},"end":{"line":138,"column":null}},"type":"cond-expr","locations":[{"start":{"line":138,"column":73},"end":{"line":138,"column":112}},{"start":{"line":138,"column":115},"end":{"line":138,"column":null}}]},"19":{"loc":{"start":{"line":159,"column":4},"end":{"line":159,"column":36}},"type":"default-arg","locations":[{"start":{"line":159,"column":34},"end":{"line":159,"column":36}}]},"20":{"loc":{"start":{"line":163,"column":22},"end":{"line":163,"column":93}},"type":"cond-expr","locations":[{"start":{"line":163,"column":39},"end":{"line":163,"column":82}},{"start":{"line":163,"column":85},"end":{"line":163,"column":93}}]},"21":{"loc":{"start":{"line":164,"column":22},"end":{"line":164,"column":86}},"type":"cond-expr","locations":[{"start":{"line":164,"column":39},"end":{"line":164,"column":75}},{"start":{"line":164,"column":78},"end":{"line":164,"column":86}}]},"22":{"loc":{"start":{"line":165,"column":22},"end":{"line":165,"column":91}},"type":"cond-expr","locations":[{"start":{"line":165,"column":39},"end":{"line":165,"column":80}},{"start":{"line":165,"column":83},"end":{"line":165,"column":91}}]},"23":{"loc":{"start":{"line":183,"column":4},"end":{"line":185,"column":5}},"type":"if","locations":[{"start":{"line":183,"column":4},"end":{"line":185,"column":5}}]},"24":{"loc":{"start":{"line":183,"column":9},"end":{"line":183,"column":22}},"type":"cond-expr","locations":[{"start":{"line":183,"column":15},"end":{"line":183,"column":17}},{"start":{"line":183,"column":9},"end":{"line":183,"column":22}}]},"25":{"loc":{"start":{"line":183,"column":9},"end":{"line":183,"column":17}},"type":"binary-expr","locations":[{"start":{"line":183,"column":9},"end":{"line":183,"column":17}},{"start":{"line":183,"column":9},"end":{"line":183,"column":17}}]},"26":{"loc":{"start":{"line":205,"column":4},"end":{"line":211,"column":5}},"type":"if","locations":[{"start":{"line":205,"column":4},"end":{"line":211,"column":5}},{"start":{"line":207,"column":11},"end":{"line":211,"column":5}}]},"27":{"loc":{"start":{"line":207,"column":11},"end":{"line":211,"column":5}},"type":"if","locations":[{"start":{"line":207,"column":11},"end":{"line":211,"column":5}},{"start":{"line":209,"column":11},"end":{"line":211,"column":5}}]},"28":{"loc":{"start":{"line":227,"column":4},"end":{"line":227,"column":36}},"type":"default-arg","locations":[{"start":{"line":227,"column":34},"end":{"line":227,"column":36}}]},"29":{"loc":{"start":{"line":230,"column":27},"end":{"line":230,"column":90}},"type":"cond-expr","locations":[{"start":{"line":230,"column":56},"end":{"line":230,"column":78}},{"start":{"line":230,"column":81},"end":{"line":230,"column":90}}]},"30":{"loc":{"start":{"line":233,"column":22},"end":{"line":235,"column":18}},"type":"cond-expr","locations":[{"start":{"line":234,"column":10},"end":{"line":234,"column":53}},{"start":{"line":235,"column":10},"end":{"line":235,"column":18}}]},"31":{"loc":{"start":{"line":237,"column":22},"end":{"line":239,"column":18}},"type":"cond-expr","locations":[{"start":{"line":238,"column":10},"end":{"line":238,"column":46}},{"start":{"line":239,"column":10},"end":{"line":239,"column":18}}]},"32":{"loc":{"start":{"line":241,"column":22},"end":{"line":243,"column":18}},"type":"cond-expr","locations":[{"start":{"line":242,"column":10},"end":{"line":242,"column":51}},{"start":{"line":243,"column":10},"end":{"line":243,"column":18}}]},"33":{"loc":{"start":{"line":263,"column":4},"end":{"line":269,"column":5}},"type":"if","locations":[{"start":{"line":263,"column":4},"end":{"line":269,"column":5}},{"start":{"line":265,"column":11},"end":{"line":269,"column":5}}]},"34":{"loc":{"start":{"line":263,"column":8},"end":{"line":263,"column":29}},"type":"binary-expr","locations":[{"start":{"line":263,"column":8},"end":{"line":263,"column":14}},{"start":{"line":263,"column":18},"end":{"line":263,"column":29}}]},"35":{"loc":{"start":{"line":267,"column":29},"end":{"line":267,"column":91}},"type":"binary-expr","locations":[{"start":{"line":267,"column":29},"end":{"line":267,"column":51}},{"start":{"line":267,"column":55},"end":{"line":267,"column":91}}]},"36":{"loc":{"start":{"line":267,"column":29},"end":{"line":267,"column":51}},"type":"cond-expr","locations":[{"start":{"line":267,"column":42},"end":{"line":267,"column":44}},{"start":{"line":267,"column":42},"end":{"line":267,"column":51}}]},"37":{"loc":{"start":{"line":267,"column":29},"end":{"line":267,"column":44}},"type":"binary-expr","locations":[{"start":{"line":267,"column":29},"end":{"line":267,"column":44}},{"start":{"line":267,"column":42},"end":{"line":267,"column":44}}]},"38":{"loc":{"start":{"line":267,"column":29},"end":{"line":267,"column":42}},"type":"cond-expr","locations":[{"start":{"line":267,"column":35},"end":{"line":267,"column":37}},{"start":{"line":267,"column":29},"end":{"line":267,"column":42}}]},"39":{"loc":{"start":{"line":267,"column":29},"end":{"line":267,"column":37}},"type":"binary-expr","locations":[{"start":{"line":267,"column":29},"end":{"line":267,"column":37}},{"start":{"line":267,"column":29},"end":{"line":267,"column":37}}]}},"s":{"0":2,"1":2,"2":2,"3":2,"4":2,"5":2,"6":2,"7":2,"8":2,"9":2,"10":2,"11":2,"12":2,"13":0,"14":2,"15":0,"16":0,"17":0,"18":0,"19":0,"20":0,"21":0,"22":0,"23":0,"24":0,"25":0,"26":0,"27":0,"28":0,"29":0,"30":0,"31":1,"32":1,"33":1,"34":1,"35":1,"36":1,"37":0,"38":1,"39":0,"40":0,"41":0,"42":0,"43":0,"44":0,"45":0,"46":0,"47":0,"48":0,"49":0,"50":0,"51":0,"52":0,"53":0,"54":0,"55":0,"56":0},"f":{"0":2,"1":0,"2":0,"3":0,"4":1,"5":1,"6":0,"7":0,"8":0,"9":0},"b":{"0":[0],"1":[2,2],"2":[0],"3":[0,0],"4":[0,0],"5":[0,0],"6":[0,0],"7":[0,0],"8":[0,0],"9":[0,0],"10":[0,0],"11":[0,0],"12":[0,0],"13":[0,0],"14":[0,0],"15":[0,0,0,0],"16":[0,0],"17":[0,0],"18":[0,0],"19":[0],"20":[0,1],"21":[1,0],"22":[1,0],"23":[0],"24":[0,1],"25":[1,1],"26":[0,0],"27":[0,0],"28":[0],"29":[0,0],"30":[0,0],"31":[0,0],"32":[0,0],"33":[0,0],"34":[0,0],"35":[0,0],"36":[0,0],"37":[0,0],"38":[0,0],"39":[0,0]}}
,"/home/rozar/Documents/charisma/charisma/packages/blaze-sdk/src/intent.ts": {"path":"/home/rozar/Documents/charisma/charisma/packages/blaze-sdk/src/intent.ts","statementMap":{"0":{"start":{"line":26,"column":0},"end":{"line":26,"column":22}},"1":{"start":{"line":53,"column":0},"end":{"line":53,"column":22}},"2":{"start":{"line":75,"column":0},"end":{"line":75,"column":22}},"3":{"start":{"line":1,"column":0},"end":{"line":1,"column":101}},"4":{"start":{"line":2,"column":0},"end":{"line":2,"column":99}},"5":{"start":{"line":3,"column":0},"end":{"line":3,"column":61}},"6":{"start":{"line":4,"column":0},"end":{"line":4,"column":68}},"7":{"start":{"line":5,"column":0},"end":{"line":5,"column":42}},"8":{"start":{"line":27,"column":17},"end":{"line":27,"column":27}},"9":{"start":{"line":29,"column":20},"end":{"line":36,"column":6}},"10":{"start":{"line":38,"column":22},"end":{"line":42,"column":6}},"11":{"start":{"line":44,"column":22},"end":{"line":44,"column":57}},"12":{"start":{"line":46,"column":4},"end":{"line":50,"column":6}},"13":{"start":{"line":54,"column":17},"end":{"line":54,"column":27}},"14":{"start":{"line":56,"column":20},"end":{"line":63,"column":6}},"15":{"start":{"line":65,"column":24},"end":{"line":65,"column":55}},"16":{"start":{"line":66,"column":37},"end":{"line":66,"column":117}},"17":{"start":{"line":68,"column":4},"end":{"line":72,"column":6}},"18":{"start":{"line":75,"column":40},"end":{"line":101,"column":null}},"19":{"start":{"line":88,"column":20},"end":{"line":95,"column":6}},"20":{"start":{"line":98,"column":16},"end":{"line":98,"column":96}},"21":{"start":{"line":99,"column":4},"end":{"line":99,"column":73}},"22":{"start":{"line":99,"column":25},"end":{"line":99,"column":73}},"23":{"start":{"line":100,"column":4},"end":{"line":100,"column":35}}},"fnMap":{"0":{"name":"signIntentWithPrivateKey","decl":{"start":{"line":26,"column":22},"end":{"line":26,"column":46}},"loc":{"start":{"line":26,"column":71},"end":{"line":51,"column":null}}},"1":{"name":"signIntentWithWallet","decl":{"start":{"line":53,"column":22},"end":{"line":53,"column":42}},"loc":{"start":{"line":53,"column":61},"end":{"line":73,"column":null}}},"2":{"name":"(anonymous_20)","decl":{"start":{"line":65,"column":24},"end":{"line":65,"column":37}},"loc":{"start":{"line":65,"column":24},"end":{"line":65,"column":55}}},"3":{"name":"signTriggeredSwap","decl":{"start":{"line":75,"column":22},"end":{"line":75,"column":39}},"loc":{"start":{"line":75,"column":39},"end":{"line":101,"column":null}}},"4":{"name":"(anonymous_22)","decl":{"start":{"line":75,"column":40},"end":{"line":75,"column":null}},"loc":{"start":{"line":87,"column":1},"end":{"line":101,"column":1}}}},"branchMap":{"0":{"loc":{"start":{"line":32,"column":16},"end":{"line":32,"column":77}},"type":"cond-expr","locations":[{"start":{"line":32,"column":31},"end":{"line":32,"column":66}},{"start":{"line":32,"column":69},"end":{"line":32,"column":77}}]},"1":{"loc":{"start":{"line":33,"column":16},"end":{"line":33,"column":70}},"type":"cond-expr","locations":[{"start":{"line":33,"column":31},"end":{"line":33,"column":59}},{"start":{"line":33,"column":62},"end":{"line":33,"column":70}}]},"2":{"loc":{"start":{"line":34,"column":16},"end":{"line":34,"column":75}},"type":"cond-expr","locations":[{"start":{"line":34,"column":31},"end":{"line":34,"column":64}},{"start":{"line":34,"column":67},"end":{"line":34,"column":75}}]},"3":{"loc":{"start":{"line":59,"column":16},"end":{"line":59,"column":77}},"type":"cond-expr","locations":[{"start":{"line":59,"column":31},"end":{"line":59,"column":66}},{"start":{"line":59,"column":69},"end":{"line":59,"column":77}}]},"4":{"loc":{"start":{"line":60,"column":16},"end":{"line":60,"column":70}},"type":"cond-expr","locations":[{"start":{"line":60,"column":31},"end":{"line":60,"column":59}},{"start":{"line":60,"column":62},"end":{"line":60,"column":70}}]},"5":{"loc":{"start":{"line":61,"column":16},"end":{"line":61,"column":75}},"type":"cond-expr","locations":[{"start":{"line":61,"column":31},"end":{"line":61,"column":64}},{"start":{"line":61,"column":67},"end":{"line":61,"column":75}}]},"6":{"loc":{"start":{"line":79,"column":4},"end":{"line":79,"column":45}},"type":"default-arg","locations":[{"start":{"line":79,"column":25},"end":{"line":79,"column":45}}]},"7":{"loc":{"start":{"line":80,"column":4},"end":{"line":80,"column":30}},"type":"default-arg","locations":[{"start":{"line":80,"column":13},"end":{"line":80,"column":30}}]},"8":{"loc":{"start":{"line":99,"column":4},"end":{"line":99,"column":73}},"type":"if","locations":[{"start":{"line":99,"column":4},"end":{"line":99,"column":73}}]},"9":{"loc":{"start":{"line":99,"column":9},"end":{"line":99,"column":23}},"type":"cond-expr","locations":[{"start":{"line":99,"column":12},"end":{"line":99,"column":14}},{"start":{"line":99,"column":9},"end":{"line":99,"column":23}}]},"10":{"loc":{"start":{"line":99,"column":9},"end":{"line":99,"column":14}},"type":"binary-expr","locations":[{"start":{"line":99,"column":9},"end":{"line":99,"column":14}},{"start":{"line":99,"column":9},"end":{"line":99,"column":14}}]}},"s":{"0":1,"1":1,"2":1,"3":1,"4":1,"5":1,"6":1,"7":1,"8":0,"9":0,"10":0,"11":0,"12":0,"13":0,"14":0,"15":0,"16":0,"17":0,"18":0,"19":0,"20":0,"21":0,"22":0,"23":0},"f":{"0":0,"1":0,"2":0,"3":0,"4":0},"b":{"0":[0,0],"1":[0,0],"2":[0,0],"3":[0,0],"4":[0,0],"5":[0,0],"6":[0],"7":[0],"8":[0],"9":[0,0],"10":[0,0]}}
,"/home/rozar/Documents/charisma/charisma/packages/blaze-sdk/src/sip10.ts": {"path":"/home/rozar/Documents/charisma/charisma/packages/blaze-sdk/src/sip10.ts","statementMap":{"0":{"start":{"line":4,"column":0},"end":{"line":4,"column":22}},"1":{"start":{"line":19,"column":0},"end":{"line":19,"column":22}},"2":{"start":{"line":1,"column":0},"end":{"line":1,"column":71}},"3":{"start":{"line":2,"column":0},"end":{"line":2,"column":51}},"4":{"start":{"line":5,"column":4},"end":{"line":16,"column":5}},"5":{"start":{"line":6,"column":8},"end":{"line":12,"column":9}},"6":{"start":{"line":7,"column":12},"end":{"line":7,"column":50}},"7":{"start":{"line":9,"column":33},"end":{"line":9,"column":59}},"8":{"start":{"line":10,"column":30},"end":{"line":10,"column":107}},"9":{"start":{"line":11,"column":12},"end":{"line":11,"column":49}},"10":{"start":{"line":14,"column":8},"end":{"line":14,"column":86}},"11":{"start":{"line":15,"column":8},"end":{"line":15,"column":17}},"12":{"start":{"line":20,"column":4},"end":{"line":27,"column":5}},"13":{"start":{"line":21,"column":29},"end":{"line":21,"column":55}},"14":{"start":{"line":22,"column":25},"end":{"line":22,"column":87}},"15":{"start":{"line":23,"column":8},"end":{"line":23,"column":44}},"16":{"start":{"line":25,"column":8},"end":{"line":25,"column":85}},"17":{"start":{"line":26,"column":8},"end":{"line":26,"column":17}}},"fnMap":{"0":{"name":"fetchTokenBalance","decl":{"start":{"line":4,"column":22},"end":{"line":4,"column":39}},"loc":{"start":{"line":4,"column":80},"end":{"line":17,"column":null}}},"1":{"name":"fetchTotalSupply","decl":{"start":{"line":19,"column":22},"end":{"line":19,"column":38}},"loc":{"start":{"line":19,"column":62},"end":{"line":28,"column":null}}}},"branchMap":{"0":{"loc":{"start":{"line":6,"column":8},"end":{"line":12,"column":9}},"type":"if","locations":[{"start":{"line":6,"column":8},"end":{"line":12,"column":9}},{"start":{"line":8,"column":15},"end":{"line":12,"column":9}}]},"1":{"loc":{"start":{"line":11,"column":26},"end":{"line":11,"column":47}},"type":"binary-expr","locations":[{"start":{"line":11,"column":26},"end":{"line":11,"column":42}},{"start":{"line":11,"column":46},"end":{"line":11,"column":47}}]},"2":{"loc":{"start":{"line":11,"column":26},"end":{"line":11,"column":42}},"type":"cond-expr","locations":[{"start":{"line":11,"column":35},"end":{"line":11,"column":37}},{"start":{"line":11,"column":26},"end":{"line":11,"column":42}}]},"3":{"loc":{"start":{"line":11,"column":26},"end":{"line":11,"column":37}},"type":"binary-expr","locations":[{"start":{"line":11,"column":26},"end":{"line":11,"column":37}},{"start":{"line":11,"column":26},"end":{"line":11,"column":37}}]},"4":{"loc":{"start":{"line":23,"column":22},"end":{"line":23,"column":42}},"type":"binary-expr","locations":[{"start":{"line":23,"column":22},"end":{"line":23,"column":37}},{"start":{"line":23,"column":41},"end":{"line":23,"column":42}}]},"5":{"loc":{"start":{"line":23,"column":22},"end":{"line":23,"column":37}},"type":"cond-expr","locations":[{"start":{"line":23,"column":30},"end":{"line":23,"column":32}},{"start":{"line":23,"column":22},"end":{"line":23,"column":37}}]},"6":{"loc":{"start":{"line":23,"column":22},"end":{"line":23,"column":32}},"type":"binary-expr","locations":[{"start":{"line":23,"column":22},"end":{"line":23,"column":32}},{"start":{"line":23,"column":22},"end":{"line":23,"column":32}}]}},"s":{"0":1,"1":1,"2":1,"3":1,"4":0,"5":0,"6":0,"7":0,"8":0,"9":0,"10":0,"11":0,"12":0,"13":0,"14":0,"15":0,"16":0,"17":0},"f":{"0":0,"1":0},"b":{"0":[0,0],"1":[0,0],"2":[0,0],"3":[0,0],"4":[0,0],"5":[0,0],"6":[0,0]}}
,"/home/rozar/Documents/charisma/charisma/packages/blaze-sdk/src/auth/client.ts": {"path":"/home/rozar/Documents/charisma/charisma/packages/blaze-sdk/src/auth/client.ts","statementMap":{"0":{"start":{"line":13,"column":0},"end":{"line":13,"column":22}},"1":{"start":{"line":26,"column":0},"end":{"line":26,"column":16}},"2":{"start":{"line":37,"column":0},"end":{"line":37,"column":22}},"3":{"start":{"line":1,"column":0},"end":{"line":1,"column":42}},"4":{"start":{"line":2,"column":0},"end":{"line":2,"column":51}},"5":{"start":{"line":14,"column":16},"end":{"line":14,"column":61}},"6":{"start":{"line":16,"column":4},"end":{"line":18,"column":5}},"7":{"start":{"line":17,"column":8},"end":{"line":17,"column":50}},"8":{"start":{"line":19,"column":4},"end":{"line":19,"column":66}},"9":{"start":{"line":27,"column":4},"end":{"line":30,"column":32}},"10":{"start":{"line":41,"column":59},"end":{"line":41,"column":63}},"11":{"start":{"line":41,"column":54},"end":{"line":41,"column":59}},"12":{"start":{"line":44,"column":19},"end":{"line":44,"column":45}},"13":{"start":{"line":45,"column":23},"end":{"line":45,"column":52}},"14":{"start":{"line":48,"column":23},"end":{"line":57,"column":null}},"15":{"start":{"line":51,"column":12},"end":{"line":55,"column":13}},"16":{"start":{"line":52,"column":52},"end":{"line":52,"column":54}},"17":{"start":{"line":53,"column":16},"end":{"line":53,"column":64}},"18":{"start":{"line":53,"column":51},"end":{"line":53,"column":61}},"19":{"start":{"line":54,"column":16},"end":{"line":54,"column":27}},"20":{"start":{"line":56,"column":12},"end":{"line":56,"column":73}},"21":{"start":{"line":60,"column":4},"end":{"line":63,"column":7}}},"fnMap":{"0":{"name":"signMessage","decl":{"start":{"line":13,"column":22},"end":{"line":13,"column":33}},"loc":{"start":{"line":13,"column":49},"end":{"line":20,"column":null}}},"1":{"name":"buildSignatureHeaders","decl":{"start":{"line":26,"column":16},"end":{"line":26,"column":37}},"loc":{"start":{"line":26,"column":77},"end":{"line":31,"column":1}}},"2":{"name":"signedFetch","decl":{"start":{"line":37,"column":22},"end":{"line":37,"column":33}},"loc":{"start":{"line":39,"column":45},"end":{"line":64,"column":null}}},"3":{"name":"(anonymous_13)","decl":{"start":{"line":50,"column":12},"end":{"line":50,"column":15}},"loc":{"start":{"line":50,"column":17},"end":{"line":57,"column":9}}},"4":{"name":"(anonymous_14)","decl":{"start":{"line":53,"column":40},"end":{"line":53,"column":41}},"loc":{"start":{"line":53,"column":51},"end":{"line":53,"column":61}}}},"branchMap":{"0":{"loc":{"start":{"line":16,"column":4},"end":{"line":18,"column":5}},"type":"if","locations":[{"start":{"line":16,"column":4},"end":{"line":18,"column":5}}]},"1":{"loc":{"start":{"line":16,"column":8},"end":{"line":16,"column":48}},"type":"binary-expr","locations":[{"start":{"line":16,"column":8},"end":{"line":16,"column":12}},{"start":{"line":16,"column":16},"end":{"line":16,"column":30}},{"start":{"line":16,"column":34},"end":{"line":16,"column":48}}]},"2":{"loc":{"start":{"line":51,"column":12},"end":{"line":55,"column":13}},"type":"if","locations":[{"start":{"line":51,"column":12},"end":{"line":55,"column":13}}]}},"s":{"0":1,"1":1,"2":1,"3":1,"4":1,"5":0,"6":0,"7":0,"8":0,"9":0,"10":0,"11":0,"12":0,"13":0,"14":0,"15":0,"16":0,"17":0,"18":0,"19":0,"20":0,"21":0},"f":{"0":0,"1":0,"2":0,"3":0,"4":0},"b":{"0":[0],"1":[0,0,0],"2":[0]}}
,"/home/rozar/Documents/charisma/charisma/packages/blaze-sdk/src/auth/headers.ts": {"path":"/home/rozar/Documents/charisma/charisma/packages/blaze-sdk/src/auth/headers.ts","statementMap":{"0":{"start":{"line":1,"column":13},"end":{"line":1,"column":40}},"1":{"start":{"line":2,"column":13},"end":{"line":2,"column":41}}},"fnMap":{},"branchMap":{},"s":{"0":1,"1":1},"f":{},"b":{}}
,"/home/rozar/Documents/charisma/charisma/packages/blaze-sdk/src/auth/verify-signer.ts": {"path":"/home/rozar/Documents/charisma/charisma/packages/blaze-sdk/src/auth/verify-signer.ts","statementMap":{"0":{"start":{"line":40,"column":0},"end":{"line":40,"column":22}},"1":{"start":{"line":60,"column":0},"end":{"line":60,"column":22}},"2":{"start":{"line":1,"column":0},"end":{"line":1,"column":63}},"3":{"start":{"line":2,"column":0},"end":{"line":2,"column":63}},"4":{"start":{"line":3,"column":0},"end":{"line":3,"column":69}},"5":{"start":{"line":4,"column":0},"end":{"line":4,"column":51}},"6":{"start":{"line":44,"column":53},"end":{"line":44,"column":57}},"7":{"start":{"line":44,"column":48},"end":{"line":44,"column":53}},"8":{"start":{"line":46,"column":31},"end":{"line":46,"column":87}},"9":{"start":{"line":48,"column":4},"end":{"line":50,"column":5}},"10":{"start":{"line":49,"column":8},"end":{"line":49,"column":34}},"11":{"start":{"line":53,"column":4},"end":{"line":55,"column":5}},"12":{"start":{"line":54,"column":8},"end":{"line":54,"column":67}},"13":{"start":{"line":57,"column":4},"end":{"line":57,"column":59}},"14":{"start":{"line":68,"column":8},"end":{"line":68,"column":12}},"15":{"start":{"line":70,"column":22},"end":{"line":70,"column":59}},"16":{"start":{"line":71,"column":22},"end":{"line":71,"column":59}},"17":{"start":{"line":73,"column":22},"end":{"line":73,"column":48}},"18":{"start":{"line":74,"column":22},"end":{"line":74,"column":48}},"19":{"start":{"line":76,"column":4},"end":{"line":78,"column":5}},"20":{"start":{"line":77,"column":8},"end":{"line":77,"column":95}},"21":{"start":{"line":80,"column":18},"end":{"line":80,"column":78}},"22":{"start":{"line":81,"column":4},"end":{"line":83,"column":5}},"23":{"start":{"line":82,"column":8},"end":{"line":82,"column":82}},"24":{"start":{"line":85,"column":19},"end":{"line":85,"column":69}},"25":{"start":{"line":86,"column":4},"end":{"line":86,"column":45}}},"fnMap":{"0":{"name":"verifySignedRequest","decl":{"start":{"line":40,"column":22},"end":{"line":40,"column":41}},"loc":{"start":{"line":42,"column":27},"end":{"line":58,"column":null}}},"1":{"name":"verifySignatureAndGetSigner","decl":{"start":{"line":60,"column":22},"end":{"line":60,"column":49}},"loc":{"start":{"line":62,"column":38},"end":{"line":87,"column":null}}}},"branchMap":{"0":{"loc":{"start":{"line":48,"column":4},"end":{"line":50,"column":5}},"type":"if","locations":[{"start":{"line":48,"column":4},"end":{"line":50,"column":5}}]},"1":{"loc":{"start":{"line":53,"column":4},"end":{"line":55,"column":5}},"type":"if","locations":[{"start":{"line":53,"column":4},"end":{"line":55,"column":5}}]},"2":{"loc":{"start":{"line":66,"column":8},"end":{"line":66,"column":32}},"type":"default-arg","locations":[{"start":{"line":66,"column":18},"end":{"line":66,"column":32}}]},"3":{"loc":{"start":{"line":67,"column":17},"end":{"line":67,"column":25}},"type":"default-arg","locations":[{"start":{"line":67,"column":23},"end":{"line":67,"column":25}}]},"4":{"loc":{"start":{"line":70,"column":23},"end":{"line":70,"column":44}},"type":"cond-expr","locations":[{"start":{"line":70,"column":30},"end":{"line":70,"column":34}},{"start":{"line":70,"column":34},"end":{"line":70,"column":44}}]},"5":{"loc":{"start":{"line":70,"column":23},"end":{"line":70,"column":34}},"type":"binary-expr","locations":[{"start":{"line":70,"column":23},"end":{"line":70,"column":34}},{"start":{"line":70,"column":30},"end":{"line":70,"column":34}}]},"6":{"loc":{"start":{"line":71,"column":23},"end":{"line":71,"column":44}},"type":"cond-expr","locations":[{"start":{"line":71,"column":30},"end":{"line":71,"column":34}},{"start":{"line":71,"column":34},"end":{"line":71,"column":44}}]},"7":{"loc":{"start":{"line":71,"column":23},"end":{"line":71,"column":34}},"type":"binary-expr","locations":[{"start":{"line":71,"column":23},"end":{"line":71,"column":34}},{"start":{"line":71,"column":30},"end":{"line":71,"column":34}}]},"8":{"loc":{"start":{"line":76,"column":4},"end":{"line":78,"column":5}},"type":"if","locations":[{"start":{"line":76,"column":4},"end":{"line":78,"column":5}}]},"9":{"loc":{"start":{"line":76,"column":8},"end":{"line":76,"column":32}},"type":"binary-expr","locations":[{"start":{"line":76,"column":8},"end":{"line":76,"column":18}},{"start":{"line":76,"column":22},"end":{"line":76,"column":32}}]},"10":{"loc":{"start":{"line":81,"column":4},"end":{"line":83,"column":5}},"type":"if","locations":[{"start":{"line":81,"column":4},"end":{"line":83,"column":5}}]}},"s":{"0":1,"1":1,"2":1,"3":1,"4":1,"5":1,"6":0,"7":0,"8":0,"9":0,"10":0,"11":0,"12":0,"13":0,"14":0,"15":0,"16":0,"17":0,"18":0,"19":0,"20":0,"21":0,"22":0,"23":0,"24":0,"25":0},"f":{"0":0,"1":0},"b":{"0":[0],"1":[0],"2":[0],"3":[0],"4":[0,0],"5":[0,0],"6":[0,0],"7":[0,0],"8":[0],"9":[0,0],"10":[0]}}
,"/home/rozar/Documents/charisma/charisma/packages/blaze-sdk/src/realtime/hooks/useBlaze.ts": {"path":"/home/rozar/Documents/charisma/charisma/packages/blaze-sdk/src/realtime/hooks/useBlaze.ts","statementMap":{"0":{"start":{"line":14,"column":0},"end":{"line":14,"column":16}},"1":{"start":{"line":6,"column":0},"end":{"line":6,"column":73}},"2":{"start":{"line":15,"column":2},"end":{"line":15,"column":33}}},"fnMap":{"0":{"name":"useBlaze","decl":{"start":{"line":14,"column":16},"end":{"line":14,"column":24}},"loc":{"start":{"line":14,"column":45},"end":{"line":16,"column":1}}}},"branchMap":{},"s":{"0":1,"1":1,"2":0},"f":{"0":0},"b":{}}
,"/home/rozar/Documents/charisma/charisma/packages/blaze-sdk/src/realtime/hooks/useSimpleTokens.ts": {"path":"/home/rozar/Documents/charisma/charisma/packages/blaze-sdk/src/realtime/hooks/useSimpleTokens.ts","statementMap":{"0":{"start":{"line":3,"column":0},"end":{"line":3,"column":35}},"1":{"start":{"line":4,"column":0},"end":{"line":4,"column":66}},"2":{"start":{"line":6,"column":35},"end":{"line":18,"column":1}},"3":{"start":{"line":7,"column":18},"end":{"line":7,"column":43}},"4":{"start":{"line":9,"column":2},"end":{"line":11,"column":3}},"5":{"start":{"line":10,"column":4},"end":{"line":10,"column":80}},"6":{"start":{"line":13,"column":2},"end":{"line":17,"column":4}},"7":{"start":{"line":6,"column":13},"end":{"line":6,"column":35}}},"fnMap":{"0":{"name":"(anonymous_0)","decl":{"start":{"line":6,"column":35},"end":{"line":6,"column":38}},"loc":{"start":{"line":6,"column":40},"end":{"line":18,"column":1}}}},"branchMap":{"0":{"loc":{"start":{"line":9,"column":2},"end":{"line":11,"column":3}},"type":"if","locations":[{"start":{"line":9,"column":2},"end":{"line":11,"column":3}}]}},"s":{"0":0,"1":0,"2":0,"3":0,"4":0,"5":0,"6":0,"7":0},"f":{"0":0},"b":{"0":[0]}}
,"/home/rozar/Documents/charisma/charisma/packages/blaze-sdk/src/realtime/hooks/useTokens.ts": {"path":"/home/rozar/Documents/charisma/charisma/packages/blaze-sdk/src/realtime/hooks/useTokens.ts","statementMap":{"0":{"start":{"line":1,"column":0},"end":{"line":1,"column":73}},"1":{"start":{"line":2,"column":0},"end":{"line":2,"column":60}},"2":{"start":{"line":45,"column":25},"end":{"line":132,"column":1}},"3":{"start":{"line":46,"column":18},"end":{"line":46,"column":43}},"4":{"start":{"line":48,"column":2},"end":{"line":50,"column":3}},"5":{"start":{"line":49,"column":4},"end":{"line":49,"column":70}},"6":{"start":{"line":53,"column":25},"end":{"line":53,"column":100}},"7":{"start":{"line":56,"column":20},"end":{"line":56,"column":60}},"8":{"start":{"line":57,"column":42},"end":{"line":59,"column":4}},"9":{"start":{"line":58,"column":4},"end":{"line":58,"column":61}},"10":{"start":{"line":62,"column":21},"end":{"line":77,"column":4}},"11":{"start":{"line":63,"column":4},"end":{"line":63,"column":36}},"12":{"start":{"line":63,"column":17},"end":{"line":63,"column":36}},"13":{"start":{"line":66,"column":25},"end":{"line":70,"column":6}},"14":{"start":{"line":72,"column":4},"end":{"line":72,"column":40}},"15":{"start":{"line":80,"column":2},"end":{"line":102,"column":54}},"16":{"start":{"line":81,"column":4},"end":{"line":85,"column":5}},"17":{"start":{"line":83,"column":6},"end":{"line":83,"column":59}},"18":{"start":{"line":84,"column":6},"end":{"line":84,"column":13}},"19":{"start":{"line":88,"column":4},"end":{"line":88,"column":62}},"20":{"start":{"line":89,"column":4},"end":{"line":89,"column":31}},"21":{"start":{"line":92,"column":4},"end":{"line":101,"column":6}},"22":{"start":{"line":95,"column":6},"end":{"line":100,"column":7}},"23":{"start":{"line":96,"column":8},"end":{"line":96,"column":61}},"24":{"start":{"line":99,"column":8},"end":{"line":99,"column":91}},"25":{"start":{"line":105,"column":2},"end":{"line":115,"column":62}},"26":{"start":{"line":106,"column":23},"end":{"line":109,"column":5}},"27":{"start":{"line":107,"column":22},"end":{"line":107,"column":71}},"28":{"start":{"line":108,"column":6},"end":{"line":108,"column":31}},"29":{"start":{"line":111,"column":4},"end":{"line":111,"column":17}},"30":{"start":{"line":118,"column":2},"end":{"line":131,"column":4}},"31":{"start":{"line":45,"column":13},"end":{"line":45,"column":25}},"32":{"start":{"line":148,"column":32},"end":{"line":160,"column":1}},"33":{"start":{"line":149,"column":18},"end":{"line":149,"column":93}},"34":{"start":{"line":151,"column":2},"end":{"line":159,"column":4}},"35":{"start":{"line":148,"column":13},"end":{"line":148,"column":32}},"36":{"start":{"line":176,"column":31},"end":{"line":192,"column":1}},"37":{"start":{"line":177,"column":18},"end":{"line":177,"column":55}},"38":{"start":{"line":179,"column":2},"end":{"line":191,"column":4}},"39":{"start":{"line":176,"column":13},"end":{"line":176,"column":31}},"40":{"start":{"line":207,"column":30},"end":{"line":220,"column":1}},"41":{"start":{"line":208,"column":18},"end":{"line":208,"column":65}},"42":{"start":{"line":210,"column":2},"end":{"line":219,"column":4}},"43":{"start":{"line":207,"column":13},"end":{"line":207,"column":30}},"44":{"start":{"line":231,"column":35},"end":{"line":244,"column":1}},"45":{"start":{"line":232,"column":18},"end":{"line":232,"column":43}},"46":{"start":{"line":234,"column":2},"end":{"line":236,"column":3}},"47":{"start":{"line":235,"column":4},"end":{"line":235,"column":80}},"48":{"start":{"line":238,"column":2},"end":{"line":243,"column":4}},"49":{"start":{"line":231,"column":13},"end":{"line":231,"column":35}}},"fnMap":{"0":{"name":"(anonymous_0)","decl":{"start":{"line":45,"column":25},"end":{"line":45,"column":26}},"loc":{"start":{"line":45,"column":68},"end":{"line":132,"column":1}}},"1":{"name":"(anonymous_1)","decl":{"start":{"line":57,"column":51},"end":{"line":57,"column":54}},"loc":{"start":{"line":57,"column":56},"end":{"line":59,"column":3}}},"2":{"name":"(anonymous_2)","decl":{"start":{"line":62,"column":29},"end":{"line":62,"column":32}},"loc":{"start":{"line":62,"column":34},"end":{"line":73,"column":3}}},"3":{"name":"(anonymous_3)","decl":{"start":{"line":80,"column":12},"end":{"line":80,"column":15}},"loc":{"start":{"line":80,"column":17},"end":{"line":102,"column":3}}},"4":{"name":"(anonymous_4)","decl":{"start":{"line":92,"column":11},"end":{"line":92,"column":14}},"loc":{"start":{"line":92,"column":16},"end":{"line":101,"column":5}}},"5":{"name":"(anonymous_5)","decl":{"start":{"line":105,"column":12},"end":{"line":105,"column":15}},"loc":{"start":{"line":105,"column":17},"end":{"line":115,"column":3}}},"6":{"name":"(anonymous_6)","decl":{"start":{"line":106,"column":23},"end":{"line":106,"column":26}},"loc":{"start":{"line":106,"column":28},"end":{"line":109,"column":5}}},"7":{"name":"(anonymous_7)","decl":{"start":{"line":148,"column":32},"end":{"line":148,"column":33}},"loc":{"start":{"line":148,"column":84},"end":{"line":160,"column":1}}},"8":{"name":"(anonymous_8)","decl":{"start":{"line":176,"column":31},"end":{"line":176,"column":32}},"loc":{"start":{"line":176,"column":78},"end":{"line":192,"column":1}}},"9":{"name":"(anonymous_9)","decl":{"start":{"line":207,"column":30},"end":{"line":207,"column":31}},"loc":{"start":{"line":207,"column":56},"end":{"line":220,"column":1}}},"10":{"name":"(anonymous_10)","decl":{"start":{"line":231,"column":35},"end":{"line":231,"column":38}},"loc":{"start":{"line":231,"column":40},"end":{"line":244,"column":1}}}},"branchMap":{"0":{"loc":{"start":{"line":48,"column":2},"end":{"line":50,"column":3}},"type":"if","locations":[{"start":{"line":48,"column":2},"end":{"line":50,"column":3}}]},"1":{"loc":{"start":{"line":63,"column":4},"end":{"line":63,"column":36}},"type":"if","locations":[{"start":{"line":63,"column":4},"end":{"line":63,"column":36}}]},"2":{"loc":{"start":{"line":67,"column":19},"end":{"line":67,"column":53}},"type":"cond-expr","locations":[{"start":{"line":67,"column":37},"end":{"line":67,"column":39}},{"start":{"line":67,"column":37},"end":{"line":67,"column":53}}]},"3":{"loc":{"start":{"line":67,"column":19},"end":{"line":67,"column":39}},"type":"binary-expr","locations":[{"start":{"line":67,"column":19},"end":{"line":67,"column":39}},{"start":{"line":67,"column":37},"end":{"line":67,"column":39}}]},"4":{"loc":{"start":{"line":68,"column":15},"end":{"line":68,"column":45}},"type":"cond-expr","locations":[{"start":{"line":68,"column":29},"end":{"line":68,"column":31}},{"start":{"line":68,"column":29},"end":{"line":68,"column":45}}]},"5":{"loc":{"start":{"line":68,"column":15},"end":{"line":68,"column":31}},"type":"binary-expr","locations":[{"start":{"line":68,"column":15},"end":{"line":68,"column":31}},{"start":{"line":68,"column":29},"end":{"line":68,"column":31}}]},"6":{"loc":{"start":{"line":74,"column":4},"end":{"line":74,"column":34}},"type":"cond-expr","locations":[{"start":{"line":74,"column":23},"end":{"line":74,"column":25}},{"start":{"line":74,"column":23},"end":{"line":74,"column":34}}]},"7":{"loc":{"start":{"line":74,"column":4},"end":{"line":74,"column":25}},"type":"binary-expr","locations":[{"start":{"line":74,"column":4},"end":{"line":74,"column":25}},{"start":{"line":74,"column":23},"end":{"line":74,"column":25}}]},"8":{"loc":{"start":{"line":74,"column":4},"end":{"line":74,"column":23}},"type":"cond-expr","locations":[{"start":{"line":74,"column":10},"end":{"line":74,"column":12}},{"start":{"line":74,"column":4},"end":{"line":74,"column":23}}]},"9":{"loc":{"start":{"line":74,"column":4},"end":{"line":74,"column":12}},"type":"binary-expr","locations":[{"start":{"line":74,"column":4},"end":{"line":74,"column":12}},{"start":{"line":74,"column":4},"end":{"line":74,"column":12}}]},"10":{"loc":{"start":{"line":75,"column":4},"end":{"line":75,"column":30}},"type":"cond-expr","locations":[{"start":{"line":75,"column":19},"end":{"line":75,"column":21}},{"start":{"line":75,"column":19},"end":{"line":75,"column":30}}]},"11":{"loc":{"start":{"line":75,"column":4},"end":{"line":75,"column":21}},"type":"binary-expr","locations":[{"start":{"line":75,"column":4},"end":{"line":75,"column":21}},{"start":{"line":75,"column":19},"end":{"line":75,"column":21}}]},"12":{"loc":{"start":{"line":75,"column":4},"end":{"line":75,"column":19}},"type":"cond-expr","locations":[{"start":{"line":75,"column":10},"end":{"line":75,"column":12}},{"start":{"line":75,"column":4},"end":{"line":75,"column":19}}]},"13":{"loc":{"start":{"line":75,"column":4},"end":{"line":75,"column":12}},"type":"binary-expr","locations":[{"start":{"line":75,"column":4},"end":{"line":75,"column":12}},{"start":{"line":75,"column":4},"end":{"line":75,"column":12}}]},"14":{"loc":{"start":{"line":76,"column":4},"end":{"line":76,"column":25}},"type":"cond-expr","locations":[{"start":{"line":76,"column":10},"end":{"line":76,"column":12}},{"start":{"line":76,"column":4},"end":{"line":76,"column":25}}]},"15":{"loc":{"start":{"line":76,"column":4},"end":{"line":76,"column":12}},"type":"binary-expr","locations":[{"start":{"line":76,"column":4},"end":{"line":76,"column":12}},{"start":{"line":76,"column":4},"end":{"line":76,"column":12}}]},"16":{"loc":{"start":{"line":81,"column":4},"end":{"line":85,"column":5}},"type":"if","locations":[{"start":{"line":81,"column":4},"end":{"line":85,"column":5}}]},"17":{"loc":{"start":{"line":81,"column":8},"end":{"line":81,"column":75}},"type":"binary-expr","locations":[{"start":{"line":81,"column":8},"end":{"line":81,"column":15}},{"start":{"line":81,"column":20},"end":{"line":81,"column":51}},{"start":{"line":81,"column":51},"end":{"line":81,"column":75}}]},"18":{"loc":{"start":{"line":81,"column":21},"end":{"line":81,"column":47}},"type":"cond-expr","locations":[{"start":{"line":81,"column":39},"end":{"line":81,"column":41}},{"start":{"line":81,"column":39},"end":{"line":81,"column":47}}]},"19":{"loc":{"start":{"line":81,"column":21},"end":{"line":81,"column":41}},"type":"binary-expr","locations":[{"start":{"line":81,"column":21},"end":{"line":81,"column":41}},{"start":{"line":81,"column":39},"end":{"line":81,"column":41}}]},"20":{"loc":{"start":{"line":81,"column":52},"end":{"line":81,"column":74}},"type":"cond-expr","locations":[{"start":{"line":81,"column":66},"end":{"line":81,"column":68}},{"start":{"line":81,"column":66},"end":{"line":81,"column":74}}]},"21":{"loc":{"start":{"line":81,"column":52},"end":{"line":81,"column":68}},"type":"binary-expr","locations":[{"start":{"line":81,"column":52},"end":{"line":81,"column":68}},{"start":{"line":81,"column":66},"end":{"line":81,"column":68}}]},"22":{"loc":{"start":{"line":149,"column":28},"end":{"line":149,"column":92}},"type":"cond-expr","locations":[{"start":{"line":149,"column":50},"end":{"line":149,"column":80}},{"start":{"line":149,"column":83},"end":{"line":149,"column":92}}]},"23":{"loc":{"start":{"line":149,"column":28},"end":{"line":149,"column":47}},"type":"cond-expr","locations":[{"start":{"line":149,"column":39},"end":{"line":149,"column":41}},{"start":{"line":149,"column":28},"end":{"line":149,"column":47}}]},"24":{"loc":{"start":{"line":149,"column":28},"end":{"line":149,"column":41}},"type":"binary-expr","locations":[{"start":{"line":149,"column":28},"end":{"line":149,"column":41}},{"start":{"line":149,"column":28},"end":{"line":149,"column":41}}]},"25":{"loc":{"start":{"line":234,"column":2},"end":{"line":236,"column":3}},"type":"if","locations":[{"start":{"line":234,"column":2},"end":{"line":236,"column":3}}]}},"s":{"0":1,"1":1,"2":1,"3":0,"4":0,"5":0,"6":0,"7":0,"8":0,"9":0,"10":0,"11":0,"12":0,"13":0,"14":0,"15":0,"16":0,"17":0,"18":0,"19":0,"20":0,"21":0,"22":0,"23":0,"24":0,"25":0,"26":0,"27":0,"28":0,"29":0,"30":0,"31":1,"32":1,"33":0,"34":0,"35":1,"36":1,"37":0,"38":0,"39":1,"40":1,"41":0,"42":0,"43":1,"44":1,"45":0,"46":0,"47":0,"48":0,"49":1},"f":{"0":0,"1":0,"2":0,"3":0,"4":0,"5":0,"6":0,"7":0,"8":0,"9":0,"10":0},"b":{"0":[0],"1":[0],"2":[0,0],"3":[0,0],"4":[0,0],"5":[0,0],"6":[0,0],"7":[0,0],"8":[0,0],"9":[0,0],"10":[0,0],"11":[0,0],"12":[0,0],"13":[0,0],"14":[0,0],"15":[0,0],"16":[0],"17":[0,0,0],"18":[0,0],"19":[0,0],"20":[0,0],"21":[0,0],"22":[0,0],"23":[0,0],"24":[0,0],"25":[0]}}
,"/home/rozar/Documents/charisma/charisma/packages/blaze-sdk/src/realtime/providers/BlazeProvider.tsx": {"path":"/home/rozar/Documents/charisma/charisma/packages/blaze-sdk/src/realtime/providers/BlazeProvider.tsx","statementMap":{"0":{"start":{"line":25,"column":0},"end":{"line":25,"column":16}},"1":{"start":{"line":412,"column":0},"end":{"line":412,"column":16}},"2":{"start":{"line":8,"column":0},"end":{"line":8,"column":119}},"3":{"start":{"line":9,"column":0},"end":{"line":9,"column":47}},"4":{"start":{"line":18,"column":21},"end":{"line":18,"column":75}},"5":{"start":{"line":27,"column":30},"end":{"line":27,"column":69}},"6":{"start":{"line":28,"column":34},"end":{"line":28,"column":75}},"7":{"start":{"line":29,"column":34},"end":{"line":29,"column":77}},"8":{"start":{"line":30,"column":40},"end":{"line":30,"column":55}},"9":{"start":{"line":31,"column":38},"end":{"line":31,"column":58}},"10":{"start":{"line":32,"column":56},"end":{"line":32,"column":71}},"11":{"start":{"line":35,"column":34},"end":{"line":35,"column":61}},"12":{"start":{"line":38,"column":16},"end":{"line":39,"column":90}},"13":{"start":{"line":40,"column":20},"end":{"line":42,"column":40}},"14":{"start":{"line":45,"column":23},"end":{"line":109,"column":4}},"15":{"start":{"line":50,"column":6},"end":{"line":50,"column":65}},"16":{"start":{"line":51,"column":6},"end":{"line":51,"column":27}},"17":{"start":{"line":53,"column":6},"end":{"line":59,"column":7}},"18":{"start":{"line":54,"column":8},"end":{"line":58,"column":12}},"19":{"start":{"line":62,"column":6},"end":{"line":62,"column":71}},"20":{"start":{"line":63,"column":6},"end":{"line":63,"column":28}},"21":{"start":{"line":66,"column":6},"end":{"line":107,"column":7}},"22":{"start":{"line":67,"column":21},"end":{"line":67,"column":43}},"23":{"start":{"line":69,"column":8},"end":{"line":104,"column":9}},"24":{"start":{"line":71,"column":12},"end":{"line":79,"column":16}},"25":{"start":{"line":71,"column":30},"end":{"line":78,"column":null}},"26":{"start":{"line":80,"column":12},"end":{"line":80,"column":38}},"27":{"start":{"line":81,"column":12},"end":{"line":81,"column":18}},"28":{"start":{"line":84,"column":57},"end":{"line":84,"column":59}},"29":{"start":{"line":85,"column":12},"end":{"line":92,"column":15}},"30":{"start":{"line":86,"column":14},"end":{"line":91,"column":16}},"31":{"start":{"line":93,"column":12},"end":{"line":93,"column":59}},"32":{"start":{"line":93,"column":30},"end":{"line":93,"column":57}},"33":{"start":{"line":94,"column":12},"end":{"line":94,"column":38}},"34":{"start":{"line":95,"column":12},"end":{"line":95,"column":18}},"35":{"start":{"line":98,"column":12},"end":{"line":98,"column":68}},"36":{"start":{"line":99,"column":12},"end":{"line":99,"column":18}},"37":{"start":{"line":102,"column":12},"end":{"line":102,"column":79}},"38":{"start":{"line":103,"column":12},"end":{"line":103,"column":18}},"39":{"start":{"line":106,"column":8},"end":{"line":106,"column":77}},"40":{"start":{"line":112,"column":25},"end":{"line":297,"column":4}},"41":{"start":{"line":117,"column":6},"end":{"line":117,"column":67}},"42":{"start":{"line":119,"column":6},"end":{"line":125,"column":7}},"43":{"start":{"line":120,"column":8},"end":{"line":124,"column":12}},"44":{"start":{"line":128,"column":6},"end":{"line":128,"column":73}},"45":{"start":{"line":131,"column":6},"end":{"line":295,"column":7}},"46":{"start":{"line":132,"column":21},"end":{"line":132,"column":43}},"47":{"start":{"line":134,"column":8},"end":{"line":292,"column":9}},"48":{"start":{"line":137,"column":35},"end":{"line":137,"column":66}},"49":{"start":{"line":138,"column":12},"end":{"line":204,"column":13}},"50":{"start":{"line":139,"column":14},"end":{"line":202,"column":18}},"51":{"start":{"line":139,"column":34},"end":{"line":202,"column":17}},"52":{"start":{"line":203,"column":14},"end":{"line":203,"column":40}},"53":{"start":{"line":205,"column":12},"end":{"line":205,"column":18}},"54":{"start":{"line":208,"column":12},"end":{"line":208,"column":75}},"55":{"start":{"line":209,"column":12},"end":{"line":282,"column":13}},"56":{"start":{"line":210,"column":63},"end":{"line":210,"column":65}},"57":{"start":{"line":211,"column":14},"end":{"line":276,"column":17}},"58":{"start":{"line":212,"column":39},"end":{"line":212,"column":73}},"59":{"start":{"line":213,"column":16},"end":{"line":275,"column":17}},"60":{"start":{"line":214,"column":18},"end":{"line":274,"column":20}},"61":{"start":{"line":277,"column":14},"end":{"line":277,"column":108}},"62":{"start":{"line":278,"column":14},"end":{"line":278,"column":65}},"63":{"start":{"line":278,"column":34},"end":{"line":278,"column":63}},"64":{"start":{"line":279,"column":14},"end":{"line":279,"column":40}},"65":{"start":{"line":281,"column":14},"end":{"line":281,"column":99}},"66":{"start":{"line":283,"column":12},"end":{"line":283,"column":18}},"67":{"start":{"line":286,"column":12},"end":{"line":286,"column":70}},"68":{"start":{"line":287,"column":12},"end":{"line":287,"column":18}},"69":{"start":{"line":290,"column":12},"end":{"line":290,"column":81}},"70":{"start":{"line":291,"column":12},"end":{"line":291,"column":18}},"71":{"start":{"line":294,"column":8},"end":{"line":294,"column":79}},"72":{"start":{"line":300,"column":19},"end":{"line":303,"column":14}},"73":{"start":{"line":301,"column":19},"end":{"line":301,"column":44}},"74":{"start":{"line":302,"column":4},"end":{"line":302,"column":18}},"75":{"start":{"line":305,"column":21},"end":{"line":315,"column":16}},"76":{"start":{"line":307,"column":4},"end":{"line":309,"column":5}},"77":{"start":{"line":308,"column":6},"end":{"line":308,"column":23}},"78":{"start":{"line":310,"column":4},"end":{"line":312,"column":5}},"79":{"start":{"line":311,"column":6},"end":{"line":311,"column":23}},"80":{"start":{"line":314,"column":4},"end":{"line":314,"column":61}},"81":{"start":{"line":317,"column":22},"end":{"line":319,"column":16}},"82":{"start":{"line":318,"column":4},"end":{"line":318,"column":32}},"83":{"start":{"line":322,"column":26},"end":{"line":341,"column":16}},"84":{"start":{"line":324,"column":4},"end":{"line":326,"column":5}},"85":{"start":{"line":325,"column":6},"end":{"line":325,"column":16}},"86":{"start":{"line":328,"column":26},"end":{"line":328,"column":39}},"87":{"start":{"line":329,"column":54},"end":{"line":329,"column":56}},"88":{"start":{"line":332,"column":4},"end":{"line":338,"column":7}},"89":{"start":{"line":333,"column":6},"end":{"line":337,"column":7}},"90":{"start":{"line":335,"column":27},"end":{"line":335,"column":66}},"91":{"start":{"line":336,"column":8},"end":{"line":336,"column":43}},"92":{"start":{"line":340,"column":4},"end":{"line":340,"column":24}},"93":{"start":{"line":344,"column":34},"end":{"line":376,"column":22}},"94":{"start":{"line":346,"column":4},"end":{"line":349,"column":5}},"95":{"start":{"line":347,"column":6},"end":{"line":347,"column":92}},"96":{"start":{"line":348,"column":6},"end":{"line":348,"column":13}},"97":{"start":{"line":351,"column":26},"end":{"line":351,"column":39}},"98":{"start":{"line":352,"column":4},"end":{"line":352,"column":66}},"99":{"start":{"line":352,"column":59},"end":{"line":352,"column":66}},"100":{"start":{"line":355,"column":4},"end":{"line":361,"column":5}},"101":{"start":{"line":356,"column":6},"end":{"line":360,"column":10}},"102":{"start":{"line":364,"column":4},"end":{"line":364,"column":52}},"103":{"start":{"line":365,"column":4},"end":{"line":375,"column":5}},"104":{"start":{"line":366,"column":31},"end":{"line":370,"column":8}},"105":{"start":{"line":371,"column":6},"end":{"line":371,"column":60}},"106":{"start":{"line":372,"column":6},"end":{"line":372,"column":107}},"107":{"start":{"line":374,"column":6},"end":{"line":374,"column":126}},"108":{"start":{"line":378,"column":38},"end":{"line":388,"column":22}},"109":{"start":{"line":379,"column":4},"end":{"line":387,"column":5}},"110":{"start":{"line":380,"column":6},"end":{"line":384,"column":10}},"111":{"start":{"line":385,"column":6},"end":{"line":385,"column":111}},"112":{"start":{"line":386,"column":6},"end":{"line":386,"column":45}},"113":{"start":{"line":390,"column":41},"end":{"line":402,"column":166}},"114":{"start":{"line":390,"column":56},"end":{"line":402,"column":4}},"115":{"start":{"line":404,"column":2},"end":{"line":408,"column":4}},"116":{"start":{"line":413,"column":18},"end":{"line":413,"column":42}},"117":{"start":{"line":415,"column":2},"end":{"line":417,"column":3}},"118":{"start":{"line":416,"column":4},"end":{"line":416,"column":68}},"119":{"start":{"line":420,"column":2},"end":{"line":436,"column":32}},"120":{"start":{"line":422,"column":4},"end":{"line":427,"column":5}},"121":{"start":{"line":423,"column":6},"end":{"line":423,"column":54}},"122":{"start":{"line":426,"column":6},"end":{"line":426,"column":45}},"123":{"start":{"line":430,"column":4},"end":{"line":435,"column":6}},"124":{"start":{"line":431,"column":6},"end":{"line":434,"column":7}},"125":{"start":{"line":438,"column":2},"end":{"line":438,"column":17}}},"fnMap":{"0":{"name":"BlazeProvider","decl":{"start":{"line":25,"column":16},"end":{"line":25,"column":29}},"loc":{"start":{"line":25,"column":68},"end":{"line":409,"column":1}}},"1":{"name":"(anonymous_11)","decl":{"start":{"line":49,"column":12},"end":{"line":49,"column":15}},"loc":{"start":{"line":49,"column":17},"end":{"line":60,"column":5}}},"2":{"name":"(anonymous_12)","decl":{"start":{"line":61,"column":13},"end":{"line":61,"column":16}},"loc":{"start":{"line":61,"column":18},"end":{"line":64,"column":5}}},"3":{"name":"(anonymous_13)","decl":{"start":{"line":65,"column":15},"end":{"line":65,"column":16}},"loc":{"start":{"line":65,"column":25},"end":{"line":108,"column":5}}},"4":{"name":"(anonymous_14)","decl":{"start":{"line":71,"column":22},"end":{"line":71,"column":26}},"loc":{"start":{"line":71,"column":30},"end":{"line":78,"column":null}}},"5":{"name":"(anonymous_15)","decl":{"start":{"line":85,"column":32},"end":{"line":85,"column":33}},"loc":{"start":{"line":85,"column":47},"end":{"line":92,"column":13}}},"6":{"name":"(anonymous_16)","decl":{"start":{"line":93,"column":22},"end":{"line":93,"column":26}},"loc":{"start":{"line":93,"column":30},"end":{"line":93,"column":57}}},"7":{"name":"(anonymous_17)","decl":{"start":{"line":116,"column":12},"end":{"line":116,"column":15}},"loc":{"start":{"line":116,"column":17},"end":{"line":126,"column":5}}},"8":{"name":"(anonymous_18)","decl":{"start":{"line":127,"column":13},"end":{"line":127,"column":16}},"loc":{"start":{"line":127,"column":18},"end":{"line":129,"column":5}}},"9":{"name":"(anonymous_19)","decl":{"start":{"line":130,"column":15},"end":{"line":130,"column":16}},"loc":{"start":{"line":130,"column":25},"end":{"line":296,"column":5}}},"10":{"name":"(anonymous_20)","decl":{"start":{"line":139,"column":26},"end":{"line":139,"column":30}},"loc":{"start":{"line":139,"column":33},"end":{"line":202,"column":17}}},"11":{"name":"(anonymous_21)","decl":{"start":{"line":211,"column":36},"end":{"line":211,"column":37}},"loc":{"start":{"line":211,"column":53},"end":{"line":276,"column":15}}},"12":{"name":"(anonymous_22)","decl":{"start":{"line":278,"column":26},"end":{"line":278,"column":30}},"loc":{"start":{"line":278,"column":34},"end":{"line":278,"column":63}}},"13":{"name":"(anonymous_23)","decl":{"start":{"line":300,"column":31},"end":{"line":300,"column":32}},"loc":{"start":{"line":300,"column":74},"end":{"line":303,"column":3}}},"14":{"name":"(anonymous_24)","decl":{"start":{"line":305,"column":33},"end":{"line":305,"column":34}},"loc":{"start":{"line":305,"column":97},"end":{"line":315,"column":3}}},"15":{"name":"(anonymous_25)","decl":{"start":{"line":317,"column":34},"end":{"line":317,"column":35}},"loc":{"start":{"line":317,"column":84},"end":{"line":319,"column":3}}},"16":{"name":"(anonymous_26)","decl":{"start":{"line":322,"column":38},"end":{"line":322,"column":39}},"loc":{"start":{"line":322,"column":94},"end":{"line":341,"column":3}}},"17":{"name":"(anonymous_27)","decl":{"start":{"line":332,"column":37},"end":{"line":332,"column":38}},"loc":{"start":{"line":332,"column":56},"end":{"line":338,"column":5}}},"18":{"name":"(anonymous_28)","decl":{"start":{"line":344,"column":46},"end":{"line":344,"column":47}},"loc":{"start":{"line":344,"column":65},"end":{"line":376,"column":3}}},"19":{"name":"(anonymous_29)","decl":{"start":{"line":378,"column":50},"end":{"line":378,"column":53}},"loc":{"start":{"line":378,"column":55},"end":{"line":388,"column":3}}},"20":{"name":"(anonymous_30)","decl":{"start":{"line":390,"column":49},"end":{"line":390,"column":52}},"loc":{"start":{"line":390,"column":56},"end":{"line":402,"column":4}}},"21":{"name":"useBlaze","decl":{"start":{"line":412,"column":16},"end":{"line":412,"column":24}},"loc":{"start":{"line":412,"column":45},"end":{"line":439,"column":1}}},"22":{"name":"(anonymous_32)","decl":{"start":{"line":420,"column":12},"end":{"line":420,"column":15}},"loc":{"start":{"line":420,"column":17},"end":{"line":436,"column":3}}},"23":{"name":"(anonymous_33)","decl":{"start":{"line":430,"column":11},"end":{"line":430,"column":14}},"loc":{"start":{"line":430,"column":16},"end":{"line":435,"column":5}}}},"branchMap":{"0":{"loc":{"start":{"line":38,"column":16},"end":{"line":39,"column":90}},"type":"binary-expr","locations":[{"start":{"line":38,"column":16},"end":{"line":38,"column":45}},{"start":{"line":39,"column":5},"end":{"line":39,"column":45}},{"start":{"line":39,"column":49},"end":{"line":39,"column":89}}]},"1":{"loc":{"start":{"line":40,"column":20},"end":{"line":42,"column":40}},"type":"binary-expr","locations":[{"start":{"line":40,"column":20},"end":{"line":40,"column":24}},{"start":{"line":40,"column":29},"end":{"line":42,"column":39}}]},"2":{"loc":{"start":{"line":40,"column":29},"end":{"line":42,"column":39}},"type":"cond-expr","locations":[{"start":{"line":41,"column":5},"end":{"line":41,"column":90}},{"start":{"line":42,"column":4},"end":{"line":42,"column":39}}]},"3":{"loc":{"start":{"line":41,"column":5},"end":{"line":41,"column":90}},"type":"cond-expr","locations":[{"start":{"line":41,"column":37},"end":{"line":41,"column":71}},{"start":{"line":41,"column":74},"end":{"line":41,"column":90}}]},"4":{"loc":{"start":{"line":53,"column":6},"end":{"line":59,"column":7}},"type":"if","locations":[{"start":{"line":53,"column":6},"end":{"line":59,"column":7}}]},"5":{"loc":{"start":{"line":69,"column":8},"end":{"line":104,"column":9}},"type":"switch","locations":[{"start":{"line":70,"column":10},"end":{"line":81,"column":18}},{"start":{"line":83,"column":10},"end":{"line":95,"column":18}},{"start":{"line":97,"column":10},"end":{"line":99,"column":18}},{"start":{"line":101,"column":10},"end":{"line":103,"column":18}}]},"6":{"loc":{"start":{"line":77,"column":24},"end":{"line":77,"column":49}},"type":"binary-expr","locations":[{"start":{"line":77,"column":24},"end":{"line":77,"column":35}},{"start":{"line":77,"column":39},"end":{"line":77,"column":49}}]},"7":{"loc":{"start":{"line":90,"column":24},"end":{"line":90,"column":50}},"type":"binary-expr","locations":[{"start":{"line":90,"column":24},"end":{"line":90,"column":36}},{"start":{"line":90,"column":40},"end":{"line":90,"column":50}}]},"8":{"loc":{"start":{"line":119,"column":6},"end":{"line":125,"column":7}},"type":"if","locations":[{"start":{"line":119,"column":6},"end":{"line":125,"column":7}}]},"9":{"loc":{"start":{"line":119,"column":10},"end":{"line":119,"column":59}},"type":"binary-expr","locations":[{"start":{"line":119,"column":10},"end":{"line":119,"column":41}},{"start":{"line":119,"column":45},"end":{"line":119,"column":59}}]},"10":{"loc":{"start":{"line":134,"column":8},"end":{"line":292,"column":9}},"type":"switch","locations":[{"start":{"line":135,"column":10},"end":{"line":205,"column":18}},{"start":{"line":207,"column":10},"end":{"line":283,"column":18}},{"start":{"line":285,"column":10},"end":{"line":287,"column":18}},{"start":{"line":289,"column":10},"end":{"line":291,"column":18}}]},"11":{"loc":{"start":{"line":137,"column":35},"end":{"line":137,"column":66}},"type":"cond-expr","locations":[{"start":{"line":137,"column":50},"end":{"line":137,"column":52}},{"start":{"line":137,"column":50},"end":{"line":137,"column":66}}]},"12":{"loc":{"start":{"line":137,"column":35},"end":{"line":137,"column":52}},"type":"binary-expr","locations":[{"start":{"line":137,"column":35},"end":{"line":137,"column":52}},{"start":{"line":137,"column":50},"end":{"line":137,"column":52}}]},"13":{"loc":{"start":{"line":138,"column":12},"end":{"line":204,"column":13}},"type":"if","locations":[{"start":{"line":138,"column":12},"end":{"line":204,"column":13}}]},"14":{"loc":{"start":{"line":138,"column":16},"end":{"line":138,"column":75}},"type":"binary-expr","locations":[{"start":{"line":138,"column":16},"end":{"line":138,"column":30}},{"start":{"line":138,"column":34},"end":{"line":138,"column":45}},{"start":{"line":138,"column":49},"end":{"line":138,"column":75}}]},"15":{"loc":{"start":{"line":143,"column":34},"end":{"line":143,"column":51}},"type":"binary-expr","locations":[{"start":{"line":143,"column":34},"end":{"line":143,"column":46}},{"start":{"line":143,"column":50},"end":{"line":143,"column":51}}]},"16":{"loc":{"start":{"line":144,"column":29},"end":{"line":144,"column":50}},"type":"binary-expr","locations":[{"start":{"line":144,"column":29},"end":{"line":144,"column":43}},{"start":{"line":144,"column":47},"end":{"line":144,"column":50}}]},"17":{"loc":{"start":{"line":145,"column":33},"end":{"line":145,"column":58}},"type":"binary-expr","locations":[{"start":{"line":145,"column":33},"end":{"line":145,"column":51}},{"start":{"line":145,"column":55},"end":{"line":145,"column":58}}]},"18":{"loc":{"start":{"line":146,"column":36},"end":{"line":146,"column":62}},"type":"binary-expr","locations":[{"start":{"line":146,"column":36},"end":{"line":146,"column":57}},{"start":{"line":146,"column":61},"end":{"line":146,"column":62}}]},"19":{"loc":{"start":{"line":147,"column":29},"end":{"line":147,"column":57}},"type":"binary-expr","locations":[{"start":{"line":147,"column":29},"end":{"line":147,"column":43}},{"start":{"line":147,"column":47},"end":{"line":147,"column":57}}]},"20":{"loc":{"start":{"line":148,"column":26},"end":{"line":148,"column":51}},"type":"binary-expr","locations":[{"start":{"line":148,"column":26},"end":{"line":148,"column":37}},{"start":{"line":148,"column":41},"end":{"line":148,"column":51}}]},"21":{"loc":{"start":{"line":156,"column":28},"end":{"line":182,"column":null}},"type":"binary-expr","locations":[{"start":{"line":156,"column":28},"end":{"line":156,"column":41}},{"start":{"line":156,"column":45},"end":{"line":182,"column":null}}]},"22":{"loc":{"start":{"line":159,"column":26},"end":{"line":159,"column":54}},"type":"binary-expr","locations":[{"start":{"line":159,"column":26},"end":{"line":159,"column":35}},{"start":{"line":159,"column":39},"end":{"line":159,"column":54}}]},"23":{"loc":{"start":{"line":160,"column":28},"end":{"line":160,"column":48}},"type":"binary-expr","locations":[{"start":{"line":160,"column":28},"end":{"line":160,"column":39}},{"start":{"line":160,"column":43},"end":{"line":160,"column":48}}]},"24":{"loc":{"start":{"line":161,"column":30},"end":{"line":161,"column":48}},"type":"binary-expr","locations":[{"start":{"line":161,"column":30},"end":{"line":161,"column":43}},{"start":{"line":161,"column":47},"end":{"line":161,"column":48}}]},"25":{"loc":{"start":{"line":162,"column":26},"end":{"line":162,"column":51}},"type":"binary-expr","locations":[{"start":{"line":162,"column":26},"end":{"line":162,"column":40}},{"start":{"line":162,"column":44},"end":{"line":162,"column":51}}]},"26":{"loc":{"start":{"line":163,"column":32},"end":{"line":163,"column":53}},"type":"binary-expr","locations":[{"start":{"line":163,"column":32},"end":{"line":163,"column":47}},{"start":{"line":163,"column":51},"end":{"line":163,"column":53}}]},"27":{"loc":{"start":{"line":185,"column":24},"end":{"line":185,"column":56}},"type":"binary-expr","locations":[{"start":{"line":185,"column":24},"end":{"line":185,"column":43}},{"start":{"line":185,"column":47},"end":{"line":185,"column":56}}]},"28":{"loc":{"start":{"line":185,"column":24},"end":{"line":185,"column":43}},"type":"cond-expr","locations":[{"start":{"line":185,"column":37},"end":{"line":185,"column":39}},{"start":{"line":185,"column":37},"end":{"line":185,"column":43}}]},"29":{"loc":{"start":{"line":185,"column":24},"end":{"line":185,"column":39}},"type":"binary-expr","locations":[{"start":{"line":185,"column":24},"end":{"line":185,"column":39}},{"start":{"line":185,"column":37},"end":{"line":185,"column":39}}]},"30":{"loc":{"start":{"line":186,"column":26},"end":{"line":186,"column":62}},"type":"binary-expr","locations":[{"start":{"line":186,"column":26},"end":{"line":186,"column":47}},{"start":{"line":186,"column":51},"end":{"line":186,"column":62}}]},"31":{"loc":{"start":{"line":186,"column":26},"end":{"line":186,"column":47}},"type":"cond-expr","locations":[{"start":{"line":186,"column":39},"end":{"line":186,"column":41}},{"start":{"line":186,"column":39},"end":{"line":186,"column":47}}]},"32":{"loc":{"start":{"line":186,"column":26},"end":{"line":186,"column":41}},"type":"binary-expr","locations":[{"start":{"line":186,"column":26},"end":{"line":186,"column":41}},{"start":{"line":186,"column":39},"end":{"line":186,"column":41}}]},"33":{"loc":{"start":{"line":187,"column":28},"end":{"line":187,"column":68}},"type":"binary-expr","locations":[{"start":{"line":187,"column":28},"end":{"line":187,"column":51}},{"start":{"line":187,"column":55},"end":{"line":187,"column":68}}]},"34":{"loc":{"start":{"line":187,"column":28},"end":{"line":187,"column":51}},"type":"cond-expr","locations":[{"start":{"line":187,"column":41},"end":{"line":187,"column":43}},{"start":{"line":187,"column":41},"end":{"line":187,"column":51}}]},"35":{"loc":{"start":{"line":187,"column":28},"end":{"line":187,"column":43}},"type":"binary-expr","locations":[{"start":{"line":187,"column":28},"end":{"line":187,"column":43}},{"start":{"line":187,"column":41},"end":{"line":187,"column":43}}]},"36":{"loc":{"start":{"line":188,"column":31},"end":{"line":188,"column":77}},"type":"binary-expr","locations":[{"start":{"line":188,"column":31},"end":{"line":188,"column":57}},{"start":{"line":188,"column":61},"end":{"line":188,"column":77}}]},"37":{"loc":{"start":{"line":188,"column":31},"end":{"line":188,"column":57}},"type":"cond-expr","locations":[{"start":{"line":188,"column":44},"end":{"line":188,"column":46}},{"start":{"line":188,"column":44},"end":{"line":188,"column":57}}]},"38":{"loc":{"start":{"line":188,"column":31},"end":{"line":188,"column":46}},"type":"binary-expr","locations":[{"start":{"line":188,"column":31},"end":{"line":188,"column":46}},{"start":{"line":188,"column":44},"end":{"line":188,"column":46}}]},"39":{"loc":{"start":{"line":189,"column":25},"end":{"line":189,"column":59}},"type":"binary-expr","locations":[{"start":{"line":189,"column":25},"end":{"line":189,"column":45}},{"start":{"line":189,"column":49},"end":{"line":189,"column":59}}]},"40":{"loc":{"start":{"line":189,"column":25},"end":{"line":189,"column":45}},"type":"cond-expr","locations":[{"start":{"line":189,"column":38},"end":{"line":189,"column":40}},{"start":{"line":189,"column":38},"end":{"line":189,"column":45}}]},"41":{"loc":{"start":{"line":189,"column":25},"end":{"line":189,"column":40}},"type":"binary-expr","locations":[{"start":{"line":189,"column":25},"end":{"line":189,"column":40}},{"start":{"line":189,"column":38},"end":{"line":189,"column":40}}]},"42":{"loc":{"start":{"line":190,"column":32},"end":{"line":190,"column":80}},"type":"binary-expr","locations":[{"start":{"line":190,"column":32},"end":{"line":190,"column":59}},{"start":{"line":190,"column":63},"end":{"line":190,"column":80}}]},"43":{"loc":{"start":{"line":190,"column":32},"end":{"line":190,"column":59}},"type":"cond-expr","locations":[{"start":{"line":190,"column":45},"end":{"line":190,"column":47}},{"start":{"line":190,"column":45},"end":{"line":190,"column":59}}]},"44":{"loc":{"start":{"line":190,"column":32},"end":{"line":190,"column":47}},"type":"binary-expr","locations":[{"start":{"line":190,"column":32},"end":{"line":190,"column":47}},{"start":{"line":190,"column":45},"end":{"line":190,"column":47}}]},"45":{"loc":{"start":{"line":191,"column":24},"end":{"line":191,"column":61}},"type":"binary-expr","locations":[{"start":{"line":191,"column":24},"end":{"line":191,"column":43}},{"start":{"line":191,"column":47},"end":{"line":191,"column":61}}]},"46":{"loc":{"start":{"line":191,"column":24},"end":{"line":191,"column":43}},"type":"cond-expr","locations":[{"start":{"line":191,"column":37},"end":{"line":191,"column":39}},{"start":{"line":191,"column":37},"end":{"line":191,"column":43}}]},"47":{"loc":{"start":{"line":191,"column":24},"end":{"line":191,"column":39}},"type":"binary-expr","locations":[{"start":{"line":191,"column":24},"end":{"line":191,"column":39}},{"start":{"line":191,"column":37},"end":{"line":191,"column":39}}]},"48":{"loc":{"start":{"line":192,"column":30},"end":{"line":192,"column":74}},"type":"binary-expr","locations":[{"start":{"line":192,"column":30},"end":{"line":192,"column":55}},{"start":{"line":192,"column":59},"end":{"line":192,"column":74}}]},"49":{"loc":{"start":{"line":192,"column":30},"end":{"line":192,"column":55}},"type":"cond-expr","locations":[{"start":{"line":192,"column":43},"end":{"line":192,"column":45}},{"start":{"line":192,"column":43},"end":{"line":192,"column":55}}]},"50":{"loc":{"start":{"line":192,"column":30},"end":{"line":192,"column":45}},"type":"binary-expr","locations":[{"start":{"line":192,"column":30},"end":{"line":192,"column":45}},{"start":{"line":192,"column":43},"end":{"line":192,"column":45}}]},"51":{"loc":{"start":{"line":193,"column":29},"end":{"line":193,"column":71}},"type":"binary-expr","locations":[{"start":{"line":193,"column":29},"end":{"line":193,"column":53}},{"start":{"line":193,"column":57},"end":{"line":193,"column":71}}]},"52":{"loc":{"start":{"line":193,"column":29},"end":{"line":193,"column":53}},"type":"cond-expr","locations":[{"start":{"line":193,"column":42},"end":{"line":193,"column":44}},{"start":{"line":193,"column":42},"end":{"line":193,"column":53}}]},"53":{"loc":{"start":{"line":193,"column":29},"end":{"line":193,"column":44}},"type":"binary-expr","locations":[{"start":{"line":193,"column":29},"end":{"line":193,"column":44}},{"start":{"line":193,"column":42},"end":{"line":193,"column":44}}]},"54":{"loc":{"start":{"line":194,"column":31},"end":{"line":194,"column":77}},"type":"binary-expr","locations":[{"start":{"line":194,"column":31},"end":{"line":194,"column":57}},{"start":{"line":194,"column":61},"end":{"line":194,"column":77}}]},"55":{"loc":{"start":{"line":194,"column":31},"end":{"line":194,"column":57}},"type":"cond-expr","locations":[{"start":{"line":194,"column":44},"end":{"line":194,"column":46}},{"start":{"line":194,"column":44},"end":{"line":194,"column":57}}]},"56":{"loc":{"start":{"line":194,"column":31},"end":{"line":194,"column":46}},"type":"binary-expr","locations":[{"start":{"line":194,"column":31},"end":{"line":194,"column":46}},{"start":{"line":194,"column":44},"end":{"line":194,"column":46}}]},"57":{"loc":{"start":{"line":195,"column":34},"end":{"line":195,"column":86}},"type":"binary-expr","locations":[{"start":{"line":195,"column":34},"end":{"li
[...]
umn":4},"end":{"line":168,"column":5}},"30":{"start":{"line":167,"column":8},"end":{"line":167,"column":62}},"31":{"start":{"line":171,"column":17},"end":{"line":175,"column":null}},"32":{"start":{"line":178,"column":19},"end":{"line":178,"column":48}},"33":{"start":{"line":180,"column":18},"end":{"line":182,"column":null}},"34":{"start":{"line":186,"column":25},"end":{"line":186,"column":49}},"35":{"start":{"line":189,"column":22},"end":{"line":189,"column":68}},"36":{"start":{"line":190,"column":27},"end":{"line":190,"column":79}},"37":{"start":{"line":193,"column":4},"end":{"line":199,"column":6}},"38":{"start":{"line":217,"column":19},"end":{"line":225,"column":null}},"39":{"start":{"line":228,"column":4},"end":{"line":230,"column":5}},"40":{"start":{"line":229,"column":8},"end":{"line":229,"column":67}},"41":{"start":{"line":232,"column":4},"end":{"line":232,"column":18}},"42":{"start":{"line":247,"column":45},"end":{"line":257,"column":6}},"43":{"start":{"line":259,"column":4},"end":{"line":261,"column":5}},"44":{"start":{"line":260,"column":8},"end":{"line":260,"column":37}},"45":{"start":{"line":262,"column":4},"end":{"line":264,"column":5}},"46":{"start":{"line":263,"column":8},"end":{"line":263,"column":41}},"47":{"start":{"line":266,"column":24},"end":{"line":266,"column":57}},"48":{"start":{"line":269,"column":4},"end":{"line":269,"column":80}},"49":{"start":{"line":282,"column":4},"end":{"line":308,"column":null}},"50":{"start":{"line":288,"column":21},"end":{"line":288,"column":69}},"51":{"start":{"line":291,"column":19},"end":{"line":295,"column":null}},"52":{"start":{"line":299,"column":4},"end":{"line":299,"column":70}},"53":{"start":{"line":300,"column":4},"end":{"line":300,"column":63}},"54":{"start":{"line":301,"column":4},"end":{"line":301,"column":52}},"55":{"start":{"line":302,"column":4},"end":{"line":302,"column":61}},"56":{"start":{"line":303,"column":4},"end":{"line":303,"column":74}},"57":{"start":{"line":304,"column":4},"end":{"line":304,"column":69}},"58":{"start":{"line":307,"column":4},"end":{"line":307,"column":68}}},"fnMap":{"0":{"name":"splitContractId","decl":{"start":{"line":71,"column":9},"end":{"line":71,"column":24}},"loc":{"start":{"line":71,"column":43},"end":{"line":77,"column":1}}},"1":{"name":"buildInputTuple","decl":{"start":{"line":90,"column":16},"end":{"line":90,"column":31}},"loc":{"start":{"line":94,"column":16},"end":{"line":110,"column":1}}},"2":{"name":"buildOutputTuple","decl":{"start":{"line":119,"column":16},"end":{"line":119,"column":32}},"loc":{"start":{"line":119,"column":70},"end":{"line":132,"column":1}}},"3":{"name":"buildHopTuple","decl":{"start":{"line":140,"column":9},"end":{"line":140,"column":22}},"loc":{"start":{"line":140,"column":31},"end":{"line":147,"column":1}}},"4":{"name":"buildXSwapTransaction","decl":{"start":{"line":160,"column":16},"end":{"line":160,"column":37}},"loc":{"start":{"line":163,"column":48},"end":{"line":200,"column":1}}},"5":{"name":"recoverMultihopSigner","decl":{"start":{"line":211,"column":22},"end":{"line":211,"column":43}},"loc":{"start":{"line":215,"column":27},"end":{"line":233,"column":null}}},"6":{"name":"broadcastMultihopTransaction","decl":{"start":{"line":242,"column":22},"end":{"line":242,"column":50}},"loc":{"start":{"line":244,"column":22},"end":{"line":270,"column":null}}},"7":{"name":"executeMultihopSwap","decl":{"start":{"line":281,"column":22},"end":{"line":281,"column":41}},"loc":{"start":{"line":281,"column":41},"end":{"line":308,"column":null}}},"8":{"name":"(anonymous_17)","decl":{"start":{"line":282,"column":4},"end":{"line":282,"column":16}},"loc":{"start":{"line":285,"column":48},"end":{"line":308,"column":1}}}},"branchMap":{"0":{"loc":{"start":{"line":73,"column":4},"end":{"line":75,"column":5}},"type":"if","locations":[{"start":{"line":73,"column":4},"end":{"line":75,"column":5}}]},"1":{"loc":{"start":{"line":98,"column":4},"end":{"line":100,"column":5}},"type":"if","locations":[{"start":{"line":98,"column":4},"end":{"line":100,"column":5}}]},"2":{"loc":{"start":{"line":122,"column":4},"end":{"line":124,"column":5}},"type":"if","locations":[{"start":{"line":122,"column":4},"end":{"line":124,"column":5}}]},"3":{"loc":{"start":{"line":163,"column":4},"end":{"line":163,"column":48}},"type":"default-arg","locations":[{"start":{"line":163,"column":27},"end":{"line":163,"column":48}}]},"4":{"loc":{"start":{"line":166,"column":4},"end":{"line":168,"column":5}},"type":"if","locations":[{"start":{"line":166,"column":4},"end":{"line":168,"column":5}}]},"5":{"loc":{"start":{"line":166,"column":8},"end":{"line":166,"column":51}},"type":"binary-expr","locations":[{"start":{"line":166,"column":8},"end":{"line":166,"column":29}},{"start":{"line":166,"column":33},"end":{"line":166,"column":51}}]},"6":{"loc":{"start":{"line":228,"column":4},"end":{"line":230,"column":5}},"type":"if","locations":[{"start":{"line":228,"column":4},"end":{"line":230,"column":5}}]},"7":{"loc":{"start":{"line":255,"column":27},"end":{"line":255,"column":79}},"type":"binary-expr","locations":[{"start":{"line":255,"column":27},"end":{"line":255,"column":53}},{"start":{"line":255,"column":57},"end":{"line":255,"column":79}}]},"8":{"loc":{"start":{"line":259,"column":4},"end":{"line":261,"column":5}},"type":"if","locations":[{"start":{"line":259,"column":4},"end":{"line":261,"column":5}}]},"9":{"loc":{"start":{"line":262,"column":4},"end":{"line":264,"column":5}},"type":"if","locations":[{"start":{"line":262,"column":4},"end":{"line":264,"column":5}}]},"10":{"loc":{"start":{"line":285,"column":4},"end":{"line":285,"column":48}},"type":"default-arg","locations":[{"start":{"line":285,"column":27},"end":{"line":285,"column":48}}]}},"s":{"0":2,"1":2,"2":2,"3":2,"4":2,"5":2,"6":2,"7":2,"8":2,"9":2,"10":2,"11":2,"12":0,"13":0,"14":0,"15":0,"16":0,"17":0,"18":0,"19":0,"20":0,"21":0,"22":0,"23":0,"24":0,"25":0,"26":0,"27":0,"28":0,"29":0,"30":0,"31":0,"32":0,"33":0,"34":0,"35":0,"36":0,"37":0,"38":1,"39":1,"40":0,"41":1,"42":0,"43":0,"44":0,"45":0,"46":0,"47":0,"48":0,"49":0,"50":0,"51":0,"52":0,"53":0,"54":0,"55":0,"56":0,"57":0,"58":0},"f":{"0":0,"1":0,"2":0,"3":0,"4":0,"5":1,"6":0,"7":0,"8":0},"b":{"0":[0],"1":[0],"2":[0],"3":[0],"4":[0],"5":[0,0],"6":[0],"7":[0,0],"8":[0],"9":[0],"10":[0]}}
,"/home/rozar/Documents/charisma/charisma/packages/blaze-sdk/src/solvers/vaults/utils/postconditions.ts": {"path":"/home/rozar/Documents/charisma/charisma/packages/blaze-sdk/src/solvers/vaults/utils/postconditions.ts","statementMap":{"0":{"start":{"line":192,"column":0},"end":{"line":192,"column":16}},"1":{"start":{"line":8,"column":0},"end":{"line":8,"column":null}},"2":{"start":{"line":12,"column":0},"end":{"line":12,"column":78}},"3":{"start":{"line":51,"column":4},"end":{"line":51,"column":35}},"4":{"start":{"line":61,"column":4},"end":{"line":61,"column":36}},"5":{"start":{"line":71,"column":4},"end":{"line":73,"column":5}},"6":{"start":{"line":72,"column":8},"end":{"line":72,"column":40}},"7":{"start":{"line":75,"column":4},"end":{"line":77,"column":31}},"8":{"start":{"line":87,"column":4},"end":{"line":87,"column":78}},"9":{"start":{"line":97,"column":4},"end":{"line":97,"column":83}},"10":{"start":{"line":109,"column":24},"end":{"line":109,"column":43}},"11":{"start":{"line":106,"column":12},"end":{"line":106,"column":47}},"12":{"start":{"line":107,"column":12},"end":{"line":107,"column":47}},"13":{"start":{"line":115,"column":20},"end":{"line":115,"column":45}},"14":{"start":{"line":116,"column":8},"end":{"line":116,"column":75}},"15":{"start":{"line":123,"column":20},"end":{"line":123,"column":45}},"16":{"start":{"line":124,"column":8},"end":{"line":124,"column":75}},"17":{"start":{"line":131,"column":37},"end":{"line":131,"column":84}},"18":{"start":{"line":132,"column":32},"end":{"line":132,"column":45}},"19":{"start":{"line":133,"column":8},"end":{"line":133,"column":65}},"20":{"start":{"line":140,"column":39},"end":{"line":140,"column":86}},"21":{"start":{"line":141,"column":32},"end":{"line":141,"column":45}},"22":{"start":{"line":142,"column":8},"end":{"line":142,"column":67}},"23":{"start":{"line":149,"column":48},"end":{"line":149,"column":50}},"24":{"start":{"line":152,"column":8},"end":{"line":162,"column":11}},"25":{"start":{"line":153,"column":41},"end":{"line":153,"column":55}},"26":{"start":{"line":154,"column":12},"end":{"line":154,"column":75}},"27":{"start":{"line":156,"column":12},"end":{"line":161,"column":13}},"28":{"start":{"line":157,"column":16},"end":{"line":157,"column":88}},"29":{"start":{"line":159,"column":50},"end":{"line":159,"column":69}},"30":{"start":{"line":160,"column":16},"end":{"line":160,"column":116}},"31":{"start":{"line":165,"column":8},"end":{"line":175,"column":11}},"32":{"start":{"line":166,"column":41},"end":{"line":166,"column":55}},"33":{"start":{"line":167,"column":12},"end":{"line":167,"column":75}},"34":{"start":{"line":169,"column":12},"end":{"line":174,"column":13}},"35":{"start":{"line":170,"column":16},"end":{"line":170,"column":88}},"36":{"start":{"line":172,"column":50},"end":{"line":172,"column":69}},"37":{"start":{"line":173,"column":16},"end":{"line":173,"column":116}},"38":{"start":{"line":177,"column":8},"end":{"line":177,"column":30}},"39":{"start":{"line":193,"column":20},"end":{"line":193,"column":54}},"40":{"start":{"line":196,"column":4},"end":{"line":212,"column":7}},"41":{"start":{"line":197,"column":22},"end":{"line":197,"column":54}},"42":{"start":{"line":198,"column":23},"end":{"line":198,"column":56}},"43":{"start":{"line":201,"column":8},"end":{"line":204,"column":9}},"44":{"start":{"line":202,"column":38},"end":{"line":202,"column":69}},"45":{"start":{"line":203,"column":12},"end":{"line":203,"column":82}},"46":{"start":{"line":207,"column":8},"end":{"line":211,"column":9}},"47":{"start":{"line":208,"column":36},"end":{"line":208,"column":59}},"48":{"start":{"line":209,"column":39},"end":{"line":209,"column":71}},"49":{"start":{"line":210,"column":12},"end":{"line":210,"column":90}},"50":{"start":{"line":215,"column":26},"end":{"line":215,"column":59}},"51":{"start":{"line":216,"column":4},"end":{"line":221,"column":5}},"52":{"start":{"line":217,"column":24},"end":{"line":217,"column":57}},"53":{"start":{"line":218,"column":31},"end":{"line":218,"column":68}},"54":{"start":{"line":219,"column":40},"end":{"line":219,"column":80}},"55":{"start":{"line":220,"column":8},"end":{"line":220,"column":86}},"56":{"start":{"line":223,"column":4},"end":{"line":223,"column":27}}},"fnMap":{"0":{"name":"isSubnet","decl":{"start":{"line":50,"column":9},"end":{"line":50,"column":17}},"loc":{"start":{"line":50,"column":30},"end":{"line":52,"column":1}}},"1":{"name":"isSublink","decl":{"start":{"line":60,"column":9},"end":{"line":60,"column":18}},"loc":{"start":{"line":60,"column":42},"end":{"line":62,"column":1}}},"2":{"name":"getOutputPrincipal","decl":{"start":{"line":70,"column":9},"end":{"line":70,"column":27}},"loc":{"start":{"line":70,"column":36},"end":{"line":78,"column":1}}},"3":{"name":"isStx","decl":{"start":{"line":86,"column":9},"end":{"line":86,"column":14}},"loc":{"start":{"line":86,"column":30},"end":{"line":88,"column":1}}},"4":{"name":"getAssetId","decl":{"start":{"line":96,"column":9},"end":{"line":96,"column":19}},"loc":{"start":{"line":96,"column":32},"end":{"line":98,"column":1}}},"5":{"name":"(anonymous_5)","decl":{"start":{"line":109,"column":4},"end":{"line":109,"column":24}},"loc":{"start":{"line":109,"column":44},"end":{"line":109,"column":49}}},"6":{"name":"(anonymous_6)","decl":{"start":{"line":114,"column":4},"end":{"line":114,"column":10}},"loc":{"start":{"line":114,"column":61},"end":{"line":117,"column":5}}},"7":{"name":"(anonymous_7)","decl":{"start":{"line":122,"column":4},"end":{"line":122,"column":10}},"loc":{"start":{"line":122,"column":61},"end":{"line":125,"column":5}}},"8":{"name":"(anonymous_8)","decl":{"start":{"line":130,"column":4},"end":{"line":130,"column":20}},"loc":{"start":{"line":130,"column":35},"end":{"line":134,"column":5}}},"9":{"name":"(anonymous_9)","decl":{"start":{"line":139,"column":4},"end":{"line":139,"column":20}},"loc":{"start":{"line":139,"column":35},"end":{"line":143,"column":5}}},"10":{"name":"(anonymous_10)","decl":{"start":{"line":148,"column":4},"end":{"line":148,"column":9}},"loc":{"start":{"line":148,"column":9},"end":{"line":178,"column":5}}},"11":{"name":"(anonymous_11)","decl":{"start":{"line":152,"column":28},"end":{"line":152,"column":29}},"loc":{"start":{"line":152,"column":44},"end":{"line":162,"column":9}}},"12":{"name":"(anonymous_12)","decl":{"start":{"line":165,"column":28},"end":{"line":165,"column":29}},"loc":{"start":{"line":165,"column":44},"end":{"line":175,"column":9}}},"13":{"name":"buildPostConditions","decl":{"start":{"line":192,"column":16},"end":{"line":192,"column":35}},"loc":{"start":{"line":192,"column":89},"end":{"line":224,"column":1}}},"14":{"name":"(anonymous_14)","decl":{"start":{"line":196,"column":23},"end":{"line":196,"column":24}},"loc":{"start":{"line":196,"column":31},"end":{"line":212,"column":5}}}},"branchMap":{"0":{"loc":{"start":{"line":71,"column":4},"end":{"line":73,"column":5}},"type":"if","locations":[{"start":{"line":71,"column":4},"end":{"line":73,"column":5}}]},"1":{"loc":{"start":{"line":75,"column":11},"end":{"line":77,"column":30}},"type":"cond-expr","locations":[{"start":{"line":76,"column":10},"end":{"line":76,"column":32}},{"start":{"line":77,"column":10},"end":{"line":77,"column":30}}]},"2":{"loc":{"start":{"line":87,"column":11},"end":{"line":87,"column":77}},"type":"binary-expr","locations":[{"start":{"line":87,"column":11},"end":{"line":87,"column":38}},{"start":{"line":87,"column":42},"end":{"line":87,"column":77}}]},"3":{"loc":{"start":{"line":97,"column":33},"end":{"line":97,"column":80}},"type":"cond-expr","locations":[{"start":{"line":97,"column":52},"end":{"line":97,"column":75}},{"start":{"line":97,"column":78},"end":{"line":97,"column":80}}]},"4":{"loc":{"start":{"line":109,"column":24},"end":{"line":109,"column":44}},"type":"default-arg","locations":[{"start":{"line":109,"column":43},"end":{"line":109,"column":44}}]},"5":{"loc":{"start":{"line":116,"column":30},"end":{"line":116,"column":63}},"type":"cond-expr","locations":[{"start":{"line":116,"column":50},"end":{"line":116,"column":54}},{"start":{"line":116,"column":54},"end":{"line":116,"column":63}}]},"6":{"loc":{"start":{"line":116,"column":30},"end":{"line":116,"column":54}},"type":"binary-expr","locations":[{"start":{"line":116,"column":30},"end":{"line":116,"column":54}},{"start":{"line":116,"column":50},"end":{"line":116,"column":54}}]},"7":{"loc":{"start":{"line":124,"column":30},"end":{"line":124,"column":63}},"type":"cond-expr","locations":[{"start":{"line":124,"column":50},"end":{"line":124,"column":54}},{"start":{"line":124,"column":54},"end":{"line":124,"column":63}}]},"8":{"loc":{"start":{"line":124,"column":30},"end":{"line":124,"column":54}},"type":"binary-expr","locations":[{"start":{"line":124,"column":30},"end":{"line":124,"column":54}},{"start":{"line":124,"column":50},"end":{"line":124,"column":54}}]},"9":{"loc":{"start":{"line":156,"column":12},"end":{"line":161,"column":13}},"type":"if","locations":[{"start":{"line":156,"column":12},"end":{"line":161,"column":13}},{"start":{"line":158,"column":19},"end":{"line":161,"column":13}}]},"10":{"loc":{"start":{"line":169,"column":12},"end":{"line":174,"column":13}},"type":"if","locations":[{"start":{"line":169,"column":12},"end":{"line":174,"column":13}},{"start":{"line":171,"column":19},"end":{"line":174,"column":13}}]},"11":{"loc":{"start":{"line":192,"column":69},"end":{"line":192,"column":89}},"type":"default-arg","locations":[{"start":{"line":192,"column":88},"end":{"line":192,"column":89}}]},"12":{"loc":{"start":{"line":197,"column":29},"end":{"line":197,"column":53}},"type":"cond-expr","locations":[{"start":{"line":197,"column":48},"end":{"line":197,"column":52}},{"start":{"line":197,"column":52},"end":{"line":197,"column":53}}]},"13":{"loc":{"start":{"line":197,"column":29},"end":{"line":197,"column":52}},"type":"binary-expr","locations":[{"start":{"line":197,"column":29},"end":{"line":197,"column":52}},{"start":{"line":197,"column":48},"end":{"line":197,"column":52}}]},"14":{"loc":{"start":{"line":197,"column":29},"end":{"line":197,"column":48}},"type":"cond-expr","locations":[{"start":{"line":197,"column":38},"end":{"line":197,"column":40}},{"start":{"line":197,"column":38},"end":{"line":197,"column":48}}]},"15":{"loc":{"start":{"line":197,"column":29},"end":{"line":197,"column":40}},"type":"binary-expr","locations":[{"start":{"line":197,"column":29},"end":{"line":197,"column":40}},{"start":{"line":197,"column":38},"end":{"line":197,"column":40}}]},"16":{"loc":{"start":{"line":198,"column":30},"end":{"line":198,"column":55}},"type":"cond-expr","locations":[{"start":{"line":198,"column":50},"end":{"line":198,"column":54}},{"start":{"line":198,"column":54},"end":{"line":198,"column":55}}]},"17":{"loc":{"start":{"line":198,"column":30},"end":{"line":198,"column":54}},"type":"binary-expr","locations":[{"start":{"line":198,"column":30},"end":{"line":198,"column":54}},{"start":{"line":198,"column":50},"end":{"line":198,"column":54}}]},"18":{"loc":{"start":{"line":198,"column":30},"end":{"line":198,"column":50}},"type":"cond-expr","locations":[{"start":{"line":198,"column":39},"end":{"line":198,"column":41}},{"start":{"line":198,"column":39},"end":{"line":198,"column":50}}]},"19":{"loc":{"start":{"line":198,"column":30},"end":{"line":198,"column":41}},"type":"binary-expr","locations":[{"start":{"line":198,"column":30},"end":{"line":198,"column":41}},{"start":{"line":198,"column":39},"end":{"line":198,"column":41}}]},"20":{"loc":{"start":{"line":201,"column":8},"end":{"line":204,"column":9}},"type":"if","locations":[{"start":{"line":201,"column":8},"end":{"line":204,"column":9}}]},"21":{"loc":{"start":{"line":207,"column":8},"end":{"line":211,"column":9}},"type":"if","locations":[{"start":{"line":207,"column":8},"end":{"line":211,"column":9}}]},"22":{"loc":{"start":{"line":216,"column":4},"end":{"line":221,"column":5}},"type":"if","locations":[{"start":{"line":216,"column":4},"end":{"line":221,"column":5}}]},"23":{"loc":{"start":{"line":218,"column":38},"end":{"line":218,"column":67}},"type":"cond-expr","locations":[{"start":{"line":218,"column":62},"end":{"line":218,"column":66}},{"start":{"line":218,"column":66},"end":{"line":218,"column":67}}]},"24":{"loc":{"start":{"line":218,"column":38},"end":{"line":218,"column":66}},"type":"binary-expr","locations":[{"start":{"line":218,"column":38},"end":{"line":218,"column":66}},{"start":{"line":218,"column":62},"end":{"line":218,"column":66}}]},"25":{"loc":{"start":{"line":218,"column":38},"end":{"line":218,"column":62}},"type":"cond-expr","locations":[{"start":{"line":218,"column":51},"end":{"line":218,"column":53}},{"start":{"line":218,"column":51},"end":{"line":218,"column":62}}]},"26":{"loc":{"start":{"line":218,"column":38},"end":{"line":218,"column":53}},"type":"binary-expr","locations":[{"start":{"line":218,"column":38},"end":{"line":218,"column":53}},{"start":{"line":218,"column":51},"end":{"line":218,"column":53}}]}},"s":{"0":2,"1":2,"2":2,"3":0,"4":0,"5":0,"6":0,"7":0,"8":0,"9":0,"10":0,"11":0,"12":0,"13":0,"14":0,"15":0,"16":0,"17":0,"18":0,"19":0,"20":0,"21":0,"22":0,"23":0,"24":0,"25":0,"26":0,"27":0,"28":0,"29":0,"30":0,"31":0,"32":0,"33":0,"34":0,"35":0,"36":0,"37":0,"38":0,"39":0,"40":0,"41":0,"42":0,"43":0,"44":0,"45":0,"46":0,"47":0,"48":0,"49":0,"50":0,"51":0,"52":0,"53":0,"54":0,"55":0,"56":0},"f":{"0":0,"1":0,"2":0,"3":0,"4":0,"5":0,"6":0,"7":0,"8":0,"9":0,"10":0,"11":0,"12":0,"13":0,"14":0},"b":{"0":[0],"1":[0,0],"2":[0,0],"3":[0,0],"4":[0],"5":[0,0],"6":[0,0],"7":[0,0],"8":[0,0],"9":[0,0],"10":[0,0],"11":[0],"12":[0,0],"13":[0,0],"14":[0,0],"15":[0,0],"16":[0,0],"17":[0,0],"18":[0,0],"19":[0,0],"20":[0],"21":[0],"22":[0],"23":[0,0],"24":[0,0],"25":[0,0],"26":[0,0]}}
}
