TN:
SF:src/balances.ts
FN:39,createDefaultBalanceData
FN:55,getUserTokenBalance
FNF:2
FNH:2
FNDA:1,createDefaultBalanceData
FNDA:4,getUserTokenBalance
DA:40,1
DA:55,1
DA:59,4
DA:60,4
DA:61,4
DA:63,4
DA:64,4
DA:66,4
DA:67,1
DA:70,1
DA:74,3
DA:76,3
DA:77,0
DA:84,3
DA:93,0
DA:94,0
LF:16
LH:13
BRDA:66,0,0,1
BRDA:76,1,0,0
BRDA:79,2,0,0
BRDA:79,2,1,0
BRDA:87,3,0,3
BRDA:87,3,1,0
BRDA:87,4,0,3
BRDA:87,4,1,3
BRDA:88,5,0,3
BRDA:88,5,1,0
BRDA:88,6,0,3
BRDA:88,6,1,3
BRDA:89,7,0,3
BRDA:89,7,1,0
BRDA:89,8,0,3
BRDA:89,8,1,3
BRF:16
BRH:10
end_of_record
TN:
SF:src/constants.ts
FNF:0
FNH:0
DA:1,2
DA:3,2
DA:10,2
DA:11,2
DA:14,2
DA:15,2
DA:17,2
LF:7
LH:7
BRF:0
BRH:0
end_of_record
TN:
SF:src/core.ts
FN:30,parseContract
FN:56,generateHash
FN:57,(anonymous_18)
FN:107,verifySignature
FN:154,recoverSigner
FN:155,(anonymous_22)
FN:195,checkUUID
FN:223,submitSignature
FN:224,(anonymous_26)
FN:259,(anonymous_27)
FNF:10
FNH:3
FNDA:2,parseContract
FNDA:0,generateHash
FNDA:0,(anonymous_18)
FNDA:0,verifySignature
FNDA:1,recoverSigner
FNDA:1,(anonymous_22)
FNDA:0,checkUUID
FNDA:0,submitSignature
FNDA:0,(anonymous_26)
FNDA:0,(anonymous_27)
DA:9,2
DA:18,2
DA:19,2
DA:20,2
DA:22,2
DA:30,2
DA:31,2
DA:32,2
DA:33,0
DA:35,2
DA:56,2
DA:57,0
DA:63,0
DA:67,0
DA:71,0
DA:76,0
DA:90,0
DA:91,0
DA:93,0
DA:107,2
DA:112,0
DA:113,0
DA:116,0
DA:127,0
DA:133,0
DA:134,0
DA:135,0
DA:137,0
DA:154,2
DA:155,1
DA:163,1
DA:164,1
DA:165,1
DA:168,1
DA:183,1
DA:184,0
DA:186,1
DA:195,2
DA:197,0
DA:205,0
DA:206,0
DA:207,0
DA:208,0
DA:210,0
DA:223,2
DA:224,0
DA:230,0
DA:233,0
DA:237,0
DA:241,0
DA:246,0
DA:259,0
DA:260,0
DA:263,0
DA:264,0
DA:267,0
DA:268,0
LF:57
LH:21
BRDA:32,0,0,0
BRDA:32,1,0,2
BRDA:32,1,1,2
BRDA:60,2,0,0
BRDA:63,3,0,0
BRDA:63,3,1,0
BRDA:67,4,0,0
BRDA:67,4,1,0
BRDA:71,5,0,0
BRDA:71,5,1,0
BRDA:90,6,0,0
BRDA:90,6,1,0
BRDA:90,7,0,0
BRDA:90,7,1,0
BRDA:90,8,0,0
BRDA:90,8,1,0
BRDA:90,9,0,0
BRDA:90,9,1,0
BRDA:90,10,0,0
BRDA:90,10,1,0
BRDA:94,11,0,0
BRDA:94,11,1,0
BRDA:112,12,0,0
BRDA:112,12,1,0
BRDA:113,13,0,0
BRDA:113,13,1,0
BRDA:127,14,0,0
BRDA:127,14,1,0
BRDA:128,15,0,0
BRDA:128,15,1,0
BRDA:128,15,2,0
BRDA:128,15,3,0
BRDA:134,16,0,0
BRDA:134,16,1,0
BRDA:134,17,0,0
BRDA:134,17,1,0
BRDA:138,18,0,0
BRDA:138,18,1,0
BRDA:159,19,0,0
BRDA:163,20,0,0
BRDA:163,20,1,1
BRDA:164,21,0,1
BRDA:164,21,1,0
BRDA:165,22,0,1
BRDA:165,22,1,0
BRDA:183,23,0,0
BRDA:183,24,0,0
BRDA:183,24,1,1
BRDA:183,25,0,1
BRDA:183,25,1,1
BRDA:205,26,0,0
BRDA:205,26,1,0
BRDA:207,27,0,0
BRDA:207,27,1,0
BRDA:227,28,0,0
BRDA:230,29,0,0
BRDA:230,29,1,0
BRDA:233,30,0,0
BRDA:233,30,1,0
BRDA:237,31,0,0
BRDA:237,31,1,0
BRDA:241,32,0,0
BRDA:241,32,1,0
BRDA:263,33,0,0
BRDA:263,33,1,0
BRDA:263,34,0,0
BRDA:263,34,1,0
BRDA:267,35,0,0
BRDA:267,35,1,0
BRDA:267,36,0,0
BRDA:267,36,1,0
BRDA:267,37,0,0
BRDA:267,37,1,0
BRDA:267,38,0,0
BRDA:267,38,1,0
BRDA:267,39,0,0
BRDA:267,39,1,0
BRF:77
BRH:8
end_of_record
TN:
SF:src/intent.ts
FN:26,signIntentWithPrivateKey
FN:53,signIntentWithWallet
FN:65,(anonymous_20)
FN:75,signTriggeredSwap
FN:75,(anonymous_22)
FNF:5
FNH:0
FNDA:0,signIntentWithPrivateKey
FNDA:0,signIntentWithWallet
FNDA:0,(anonymous_20)
FNDA:0,signTriggeredSwap
FNDA:0,(anonymous_22)
DA:1,1
DA:2,1
DA:3,1
DA:4,1
DA:5,1
DA:26,1
DA:27,0
DA:29,0
DA:38,0
DA:44,0
DA:46,0
DA:53,1
DA:54,0
DA:56,0
DA:65,0
DA:66,0
DA:68,0
DA:75,1
DA:88,0
DA:98,0
DA:99,0
DA:100,0
LF:22
LH:8
BRDA:32,0,0,0
BRDA:32,0,1,0
BRDA:33,1,0,0
BRDA:33,1,1,0
BRDA:34,2,0,0
BRDA:34,2,1,0
BRDA:59,3,0,0
BRDA:59,3,1,0
BRDA:60,4,0,0
BRDA:60,4,1,0
BRDA:61,5,0,0
BRDA:61,5,1,0
BRDA:79,6,0,0
BRDA:80,7,0,0
BRDA:99,8,0,0
BRDA:99,9,0,0
BRDA:99,9,1,0
BRDA:99,10,0,0
BRDA:99,10,1,0
BRF:19
BRH:0
end_of_record
TN:
SF:src/sip10.ts
FN:4,fetchTokenBalance
FN:19,fetchTotalSupply
FNF:2
FNH:0
FNDA:0,fetchTokenBalance
FNDA:0,fetchTotalSupply
DA:1,1
DA:2,1
DA:4,1
DA:5,0
DA:6,0
DA:7,0
DA:9,0
DA:10,0
DA:11,0
DA:14,0
DA:15,0
DA:19,1
DA:20,0
DA:21,0
DA:22,0
DA:23,0
DA:25,0
DA:26,0
LF:18
LH:4
BRDA:6,0,0,0
BRDA:6,0,1,0
BRDA:11,1,0,0
BRDA:11,1,1,0
BRDA:11,2,0,0
BRDA:11,2,1,0
BRDA:11,3,0,0
BRDA:11,3,1,0
BRDA:23,4,0,0
BRDA:23,4,1,0
BRDA:23,5,0,0
BRDA:23,5,1,0
BRDA:23,6,0,0
BRDA:23,6,1,0
BRF:14
BRH:0
end_of_record
TN:
SF:src/auth/client.ts
FN:13,signMessage
FN:26,buildSignatureHeaders
FN:37,signedFetch
FN:50,(anonymous_13)
FN:53,(anonymous_14)
FNF:5
FNH:0
FNDA:0,signMessage
FNDA:0,buildSignatureHeaders
FNDA:0,signedFetch
FNDA:0,(anonymous_13)
FNDA:0,(anonymous_14)
DA:1,1
DA:2,1
DA:13,1
DA:14,0
DA:16,0
DA:17,0
DA:19,0
DA:26,1
DA:27,0
DA:37,1
DA:41,0
DA:44,0
DA:45,0
DA:48,0
DA:51,0
DA:52,0
DA:53,0
DA:54,0
DA:56,0
DA:60,0
LF:20
LH:5
BRDA:16,0,0,0
BRDA:16,1,0,0
BRDA:16,1,1,0
BRDA:16,1,2,0
BRDA:51,2,0,0
BRF:5
BRH:0
end_of_record
TN:
SF:src/auth/headers.ts
FNF:0
FNH:0
DA:1,1
DA:2,1
LF:2
LH:2
BRF:0
BRH:0
end_of_record
TN:
SF:src/auth/verify-signer.ts
FN:40,verifySignedRequest
FN:60,verifySignatureAndGetSigner
FNF:2
FNH:0
FNDA:0,verifySignedRequest
FNDA:0,verifySignatureAndGetSigner
DA:1,1
DA:2,1
DA:3,1
DA:4,1
DA:40,1
DA:44,0
DA:46,0
DA:48,0
DA:49,0
DA:53,0
DA:54,0
DA:57,0
DA:60,1
DA:68,0
DA:70,0
DA:71,0
DA:73,0
DA:74,0
DA:76,0
DA:77,0
DA:80,0
DA:81,0
DA:82,0
DA:85,0
DA:86,0
LF:25
LH:6
BRDA:48,0,0,0
BRDA:53,1,0,0
BRDA:66,2,0,0
BRDA:67,3,0,0
BRDA:70,4,0,0
BRDA:70,4,1,0
BRDA:70,5,0,0
BRDA:70,5,1,0
BRDA:71,6,0,0
BRDA:71,6,1,0
BRDA:71,7,0,0
BRDA:71,7,1,0
BRDA:76,8,0,0
BRDA:76,9,0,0
BRDA:76,9,1,0
BRDA:81,10,0,0
BRF:16
BRH:0
end_of_record
TN:
SF:src/realtime/hooks/useBlaze.ts
FN:14,useBlaze
FNF:1
FNH:0
FNDA:0,useBlaze
DA:6,1
DA:14,1
DA:15,0
LF:3
LH:2
BRF:0
BRH:0
end_of_record
TN:
SF:src/realtime/hooks/useSimpleTokens.ts
FN:6,(anonymous_0)
FNF:1
FNH:0
FNDA:0,(anonymous_0)
DA:3,0
DA:4,0
DA:6,0
DA:7,0
DA:9,0
DA:10,0
DA:13,0
LF:7
LH:0
BRDA:9,0,0,0
BRF:1
BRH:0
end_of_record
TN:
SF:src/realtime/hooks/useTokens.ts
FN:45,(anonymous_0)
FN:57,(anonymous_1)
FN:62,(anonymous_2)
FN:80,(anonymous_3)
FN:92,(anonymous_4)
FN:105,(anonymous_5)
FN:106,(anonymous_6)
FN:148,(anonymous_7)
FN:176,(anonymous_8)
FN:207,(anonymous_9)
FN:231,(anonymous_10)
FNF:11
FNH:0
FNDA:0,(anonymous_0)
FNDA:0,(anonymous_1)
FNDA:0,(anonymous_2)
FNDA:0,(anonymous_3)
FNDA:0,(anonymous_4)
FNDA:0,(anonymous_5)
FNDA:0,(anonymous_6)
FNDA:0,(anonymous_7)
FNDA:0,(anonymous_8)
FNDA:0,(anonymous_9)
FNDA:0,(anonymous_10)
DA:1,1
DA:2,1
DA:45,1
DA:46,0
DA:48,0
DA:49,0
DA:53,0
DA:56,0
DA:57,0
DA:58,0
DA:62,0
DA:63,0
DA:66,0
DA:72,0
DA:80,0
DA:81,0
DA:83,0
DA:84,0
DA:88,0
DA:89,0
DA:92,0
DA:95,0
DA:96,0
DA:99,0
DA:105,0
DA:106,0
DA:107,0
DA:108,0
DA:111,0
DA:118,0
DA:148,1
DA:149,0
DA:151,0
DA:176,1
DA:177,0
DA:179,0
DA:207,1
DA:208,0
DA:210,0
DA:231,1
DA:232,0
DA:234,0
DA:235,0
DA:238,0
LF:44
LH:7
BRDA:48,0,0,0
BRDA:63,1,0,0
BRDA:67,2,0,0
BRDA:67,2,1,0
BRDA:67,3,0,0
BRDA:67,3,1,0
BRDA:68,4,0,0
BRDA:68,4,1,0
BRDA:68,5,0,0
BRDA:68,5,1,0
BRDA:74,6,0,0
BRDA:74,6,1,0
BRDA:74,7,0,0
BRDA:74,7,1,0
BRDA:74,8,0,0
BRDA:74,8,1,0
BRDA:74,9,0,0
BRDA:74,9,1,0
BRDA:75,10,0,0
BRDA:75,10,1,0
BRDA:75,11,0,0
BRDA:75,11,1,0
BRDA:75,12,0,0
BRDA:75,12,1,0
BRDA:75,13,0,0
BRDA:75,13,1,0
BRDA:76,14,0,0
BRDA:76,14,1,0
BRDA:76,15,0,0
BRDA:76,15,1,0
BRDA:81,16,0,0
BRDA:81,17,0,0
BRDA:81,17,1,0
BRDA:81,17,2,0
BRDA:81,18,0,0
BRDA:81,18,1,0
BRDA:81,19,0,0
BRDA:81,19,1,0
BRDA:81,20,0,0
BRDA:81,20,1,0
BRDA:81,21,0,0
BRDA:81,21,1,0
BRDA:149,22,0,0
BRDA:149,22,1,0
BRDA:149,23,0,0
BRDA:149,23,1,0
BRDA:149,24,0,0
BRDA:149,24,1,0
BRDA:234,25,0,0
BRF:49
BRH:0
end_of_record
TN:
SF:src/realtime/providers/BlazeProvider.tsx
FN:25,BlazeProvider
FN:49,(anonymous_11)
FN:61,(anonymous_12)
FN:65,(anonymous_13)
FN:71,(anonymous_14)
FN:85,(anonymous_15)
FN:93,(anonymous_16)
FN:116,(anonymous_17)
FN:127,(anonymous_18)
FN:130,(anonymous_19)
FN:139,(anonymous_20)
FN:211,(anonymous_21)
FN:278,(anonymous_22)
FN:300,(anonymous_23)
FN:305,(anonymous_24)
FN:317,(anonymous_25)
FN:322,(anonymous_26)
FN:332,(anonymous_27)
FN:344,(anonymous_28)
FN:378,(anonymous_29)
FN:390,(anonymous_30)
FN:412,useBlaze
FN:420,(anonymous_32)
FN:430,(anonymous_33)
FNF:24
FNH:0
FNDA:0,BlazeProvider
FNDA:0,(anonymous_11)
FNDA:0,(anonymous_12)
FNDA:0,(anonymous_13)
FNDA:0,(anonymous_14)
FNDA:0,(anonymous_15)
FNDA:0,(anonymous_16)
FNDA:0,(anonymous_17)
FNDA:0,(anonymous_18)
FNDA:0,(anonymous_19)
FNDA:0,(anonymous_20)
FNDA:0,(anonymous_21)
FNDA:0,(anonymous_22)
FNDA:0,(anonymous_23)
FNDA:0,(anonymous_24)
FNDA:0,(anonymous_25)
FNDA:0,(anonymous_26)
FNDA:0,(anonymous_27)
FNDA:0,(anonymous_28)
FNDA:0,(anonymous_29)
FNDA:0,(anonymous_30)
FNDA:0,useBlaze
FNDA:0,(anonymous_32)
FNDA:0,(anonymous_33)
DA:8,1
DA:9,1
DA:18,1
DA:25,1
DA:27,0
DA:28,0
DA:29,0
DA:30,0
DA:31,0
DA:32,0
DA:35,0
DA:38,0
DA:40,0
DA:45,0
DA:50,0
DA:51,0
DA:53,0
DA:54,0
DA:62,0
DA:63,0
DA:66,0
DA:67,0
DA:69,0
DA:71,0
DA:80,0
DA:81,0
DA:84,0
DA:85,0
DA:86,0
DA:93,0
DA:94,0
DA:95,0
DA:98,0
DA:99,0
DA:102,0
DA:103,0
DA:106,0
DA:112,0
DA:117,0
DA:119,0
DA:120,0
DA:128,0
DA:131,0
DA:132,0
DA:134,0
DA:137,0
DA:138,0
DA:139,0
DA:203,0
DA:205,0
DA:208,0
DA:209,0
DA:210,0
DA:211,0
DA:212,0
DA:213,0
DA:214,0
DA:277,0
DA:278,0
DA:279,0
DA:281,0
DA:283,0
DA:286,0
DA:287,0
DA:290,0
DA:291,0
DA:294,0
DA:300,0
DA:301,0
DA:302,0
DA:305,0
DA:307,0
DA:308,0
DA:310,0
DA:311,0
DA:314,0
DA:317,0
DA:318,0
DA:322,0
DA:324,0
DA:325,0
DA:328,0
DA:329,0
DA:332,0
DA:333,0
DA:335,0
DA:336,0
DA:340,0
DA:344,0
DA:346,0
DA:347,0
DA:348,0
DA:351,0
DA:352,0
DA:355,0
DA:356,0
DA:364,0
DA:365,0
DA:366,0
DA:371,0
DA:372,0
DA:374,0
DA:378,0
DA:379,0
DA:380,0
DA:385,0
DA:386,0
DA:390,0
DA:404,0
DA:412,1
DA:413,0
DA:415,0
DA:416,0
DA:420,0
DA:422,0
DA:423,0
DA:426,0
DA:430,0
DA:431,0
DA:438,0
LF:120
LH:5
BRDA:38,0,0,0
BRDA:38,0,1,0
BRDA:38,0,2,0
BRDA:40,1,0,0
BRDA:40,1,1,0
BRDA:40,2,0,0
BRDA:40,2,1,0
BRDA:41,3,0,0
BRDA:41,3,1,0
BRDA:53,4,0,0
BRDA:69,5,0,0
BRDA:69,5,1,0
BRDA:69,5,2,0
BRDA:69,5,3,0
BRDA:77,6,0,0
BRDA:77,6,1,0
BRDA:90,7,0,0
BRDA:90,7,1,0
BRDA:119,8,0,0
BRDA:119,9,0,0
BRDA:119,9,1,0
BRDA:134,10,0,0
BRDA:134,10,1,0
BRDA:134,10,2,0
BRDA:134,10,3,0
BRDA:137,11,0,0
BRDA:137,11,1,0
BRDA:137,12,0,0
BRDA:137,12,1,0
BRDA:138,13,0,0
BRDA:138,14,0,0
BRDA:138,14,1,0
BRDA:138,14,2,0
BRDA:143,15,0,0
BRDA:143,15,1,0
BRDA:144,16,0,0
BRDA:144,16,1,0
BRDA:145,17,0,0
BRDA:145,17,1,0
BRDA:146,18,0,0
BRDA:146,18,1,0
BRDA:147,19,0,0
BRDA:147,19,1,0
BRDA:148,20,0,0
BRDA:148,20,1,0
BRDA:156,21,0,0
BRDA:156,21,1,0
BRDA:159,22,0,0
BRDA:159,22,1,0
BRDA:160,23,0,0
BRDA:160,23,1,0
BRDA:161,24,0,0
BRDA:161,24,1,0
BRDA:162,25,0,0
BRDA:162,25,1,0
BRDA:163,26,0,0
BRDA:163,26,1,0
BRDA:185,27,0,0
BRDA:185,27,1,0
BRDA:185,28,0,0
BRDA:185,28,1,0
BRDA:185,29,0,0
BRDA:185,29,1,0
BRDA:186,30,0,0
BRDA:186,30,1,0
BRDA:186,31,0,0
BRDA:186,31,1,0
BRDA:186,32,0,0
BRDA:186,32,1,0
BRDA:187,33,0,0
BRDA:187,33,1,0
BRDA:187,34,0,0
BRDA:187,34,1,0
BRDA:187,35,0,0
BRDA:187,35,1,0
BRDA:188,36,0,0
BRDA:188,36,1,0
BRDA:188,37,0,0
BRDA:188,37,1,0
BRDA:188,38,0,0
BRDA:188,38,1,0
BRDA:189,39,0,0
BRDA:189,39,1,0
BRDA:189,40,0,0
BRDA:189,40,1,0
BRDA:189,41,0,0
BRDA:189,41,1,0
BRDA:190,42,0,0
BRDA:190,42,1,0
BRDA:190,43,0,0
BRDA:190,43,1,0
BRDA:190,44,0,0
BRDA:190,44,1,0
BRDA:191,45,0,0
BRDA:191,45,1,0
BRDA:191,46,0,0
BRDA:191,46,1,0
BRDA:191,47,0,0
BRDA:191,47,1,0
BRDA:192,48,0,0
BRDA:192,48,1,0
BRDA:192,49,0,0
BRDA:192,49,1,0
BRDA:192,50,0,0
BRDA:192,50,1,0
BRDA:193,51,0,0
BRDA:193,51,1,0
BRDA:193,52,0,0
BRDA:193,52,1,0
BRDA:193,53,0,0
BRDA:193,53,1,0
BRDA:194,54,0,0
BRDA:194,54,1,0
BRDA:194,55,0,0
BRDA:194,55,1,0
BRDA:194,56,0,0
BRDA:194,56,1,0
BRDA:195,57,0,0
BRDA:195,57,1,0
BRDA:195,58,0,0
BRDA:195,58,1,0
BRDA:195,59,0,0
BRDA:195,59,1,0
BRDA:196,60,0,0
BRDA:196,60,1,0
BRDA:196,61,0,0
BRDA:196,61,1,0
BRDA:196,62,0,0
BRDA:196,62,1,0
BRDA:197,63,0,0
BRDA:197,63,1,0
BRDA:197,64,0,0
BRDA:197,64,1,0
BRDA:197,65,0,0
BRDA:197,65,1,0
BRDA:198,66,0,0
BRDA:198,66,1,0
BRDA:198,67,0,0
BRDA:198,67,1,0
BRDA:198,68,0,0
BRDA:198,68,1,0
BRDA:199,69,0,0
BRDA:199,69,1,0
BRDA:199,70,0,0
BRDA:199,70,1,0
BRDA:199,71,0,0
BRDA:199,71,1,0
BRDA:200,72,0,0
BRDA:200,72,1,0
BRDA:200,73,0,0
BRDA:200,73,1,0
BRDA:200,74,0,0
BRDA:200,74,1,0
BRDA:209,75,0,0
BRDA:209,75,1,0
BRDA:209,76,0,0
BRDA:209,76,1,0
BRDA:212,77,0,0
BRDA:212,77,1,0
BRDA:212,78,0,0
BRDA:212,78,1,0
BRDA:213,79,0,0
BRDA:213,80,0,0
BRDA:213,80,1,0
BRDA:213,80,2,0
BRDA:216,81,0,0
BRDA:216,81,1,0
BRDA:217,82,0,0
BRDA:217,82,1,0
BRDA:218,83,0,0
BRDA:218,83,1,0
BRDA:219,84,0,0
BRDA:219,84,1,0
BRDA:220,85,0,0
BRDA:220,85,1,0
BRDA:221,86,0,0
BRDA:221,86,1,0
BRDA:229,87,0,0
BRDA:229,87,1,0
BRDA:232,88,0,0
BRDA:232,88,1,0
BRDA:233,89,0,0
BRDA:233,89,1,0
BRDA:234,90,0,0
BRDA:234,90,1,0
BRDA:235,91,0,0
BRDA:235,91,1,0
BRDA:236,92,0,0
BRDA:236,92,1,0
BRDA:258,93,0,0
BRDA:258,93,1,0
BRDA:258,94,0,0
BRDA:258,94,1,0
BRDA:258,95,0,0
BRDA:258,95,1,0
BRDA:259,96,0,0
BRDA:259,96,1,0
BRDA:259,97,0,0
BRDA:259,97,1,0
BRDA:259,98,0,0
BRDA:259,98,1,0
BRDA:260,99,0,0
BRDA:260,99,1,0
BRDA:260,100,0,0
BRDA:260,100,1,0
BRDA:260,101,0,0
BRDA:260,101,1,0
BRDA:261,102,0,0
BRDA:261,102,1,0
BRDA:261,103,0,0
BRDA:261,103,1,0
BRDA:261,104,0,0
BRDA:261,104,1,0
BRDA:262,105,0,0
BRDA:262,105,1,0
BRDA:262,106,0,0
BRDA:262,106,1,0
BRDA:262,107,0,0
BRDA:262,107,1,0
BRDA:263,108,0,0
BRDA:263,108,1,0
BRDA:263,109,0,0
BRDA:263,109,1,0
BRDA:263,110,0,0
BRDA:263,110,1,0
BRDA:264,111,0,0
BRDA:264,111,1,0
BRDA:264,112,0,0
BRDA:264,112,1,0
BRDA:264,113,0,0
BRDA:264,113,1,0
BRDA:265,114,0,0
BRDA:265,114,1,0
BRDA:265,115,0,0
BRDA:265,115,1,0
BRDA:265,116,0,0
BRDA:265,116,1,0
BRDA:266,117,0,0
BRDA:266,117,1,0
BRDA:266,118,0,0
BRDA:266,118,1,0
BRDA:266,119,0,0
BRDA:266,119,1,0
BRDA:267,120,0,0
BRDA:267,120,1,0
BRDA:267,121,0,0
BRDA:267,121,1,0
BRDA:267,122,0,0
BRDA:267,122,1,0
BRDA:268,123,0,0
BRDA:268,123,1,0
BRDA:268,124,0,0
BRDA:268,124,1,0
BRDA:268,125,0,0
BRDA:268,125,1,0
BRDA:269,126,0,0
BRDA:269,126,1,0
BRDA:269,127,0,0
BRDA:269,127,1,0
BRDA:269,128,0,0
BRDA:269,128,1,0
BRDA:270,129,0,0
BRDA:270,129,1,0
BRDA:270,130,0,0
BRDA:270,130,1,0
BRDA:270,131,0,0
BRDA:270,131,1,0
BRDA:271,132,0,0
BRDA:271,132,1,0
BRDA:271,133,0,0
BRDA:271,133,1,0
BRDA:271,134,0,0
BRDA:271,134,1,0
BRDA:272,135,0,0
BRDA:272,135,1,0
BRDA:272,136,0,0
BRDA:272,136,1,0
BRDA:272,137,0,0
BRDA:272,137,1,0
BRDA:273,138,0,0
BRDA:273,138,1,0
BRDA:273,139,0,0
BRDA:273,139,1,0
BRDA:273,140,0,0
BRDA:273,140,1,0
BRDA:301,141,0,0
BRDA:301,141,1,0
BRDA:301,142,0,0
BRDA:301,142,1,0
BRDA:307,143,0,0
BRDA:307,144,0,0
BRDA:307,144,1,0
BRDA:307,144,2,0
BRDA:310,145,0,0
BRDA:310,146,0,0
BRDA:310,146,1,0
BRDA:310,146,2,0
BRDA:324,147,0,0
BRDA:324,148,0,0
BRDA:324,148,1,0
BRDA:324,148,2,0
BRDA:333,149,0,0
BRDA:346,150,0,0
BRDA:346,151,0,0
BRDA:346,151,1,0
BRDA:346,151,2,0
BRDA:352,152,0,0
BRDA:355,153,0,0
BRDA:355,154,0,0
BRDA:355,154,1,0
BRDA:365,155,0,0
BRDA:365,155,1,0
BRDA:365,156,0,0
BRDA:365,156,1,0
BRDA:374,157,0,0
BRDA:374,157,1,0
BRDA:374,158,0,0
BRDA:374,158,1,0
BRDA:379,159,0,0
BRDA:379,160,0,0
BRDA:379,160,1,0
BRDA:415,161,0,0
BRDA:422,162,0,0
BRDA:422,162,1,0
BRDA:422,163,0,0
BRDA:422,163,1,0
BRDA:422,163,2,0
BRDA:422,164,0,0
BRDA:422,164,1,0
BRDA:422,165,0,0
BRDA:422,165,1,0
BRDA:431,166,0,0
BRDA:431,167,0,0
BRDA:431,167,1,0
BRDA:431,167,2,0
BRDA:431,168,0,0
BRDA:431,168,1,0
BRDA:431,169,0,0
BRDA:431,169,1,0
BRDA:436,170,0,0
BRDA:436,170,1,0
BRDA:436,171,0,0
BRDA:436,171,1,0
BRF:343
BRH:0
end_of_record
TN:
SF:src/realtime/providers/SimpleTokensProvider.tsx
FN:33,(anonymous_10)
FN:53,(anonymous_11)
FN:57,(anonymous_12)
FN:61,(anonymous_13)
FN:64,(anonymous_14)
FN:79,(anonymous_15)
FN:80,(anonymous_16)
FN:81,(anonymous_17)
FN:82,(anonymous_18)
FN:84,(anonymous_19)
FN:85,(anonymous_20)
FN:86,(anonymous_21)
FNF:12
FNH:0
FNDA:0,(anonymous_10)
FNDA:0,(anonymous_11)
FNDA:0,(anonymous_12)
FNDA:0,(anonymous_13)
FNDA:0,(anonymous_14)
FNDA:0,(anonymous_15)
FNDA:0,(anonymous_16)
FNDA:0,(anonymous_17)
FNDA:0,(anonymous_18)
FNDA:0,(anonymous_19)
FNDA:0,(anonymous_20)
FNDA:0,(anonymous_21)
DA:3,0
DA:4,0
DA:26,0
DA:33,0
DA:37,0
DA:38,0
DA:41,0
DA:44,0
DA:49,0
DA:54,0
DA:55,0
DA:58,0
DA:59,0
DA:62,0
DA:65,0
DA:66,0
DA:70,0
DA:79,0
DA:80,0
DA:81,0
DA:82,0
DA:86,0
DA:90,0
LF:23
LH:0
BRDA:41,0,0,0
BRDA:41,0,1,0
BRDA:41,0,2,0
BRDA:44,1,0,0
BRDA:44,1,1,0
BRDA:44,2,0,0
BRDA:44,2,1,0
BRDA:45,3,0,0
BRDA:45,3,1,0
BRDA:77,4,0,0
BRDA:77,4,1,0
BRF:11
BRH:0
end_of_record
TN:
SF:src/realtime/providers/TokensProvider.tsx
FN:33,(anonymous_10)
FN:37,(anonymous_11)
FN:56,(anonymous_12)
FN:63,(anonymous_13)
FN:66,(anonymous_14)
FN:81,(anonymous_15)
FN:94,(anonymous_16)
FN:103,(anonymous_17)
FN:128,(anonymous_18)
FN:155,(anonymous_19)
FN:164,(anonymous_20)
FN:176,(anonymous_21)
FN:179,(anonymous_22)
FN:191,(anonymous_23)
FN:225,(anonymous_24)
FN:233,(anonymous_25)
FN:251,(anonymous_26)
FN:267,(anonymous_27)
FN:279,(anonymous_28)
FN:307,(anonymous_29)
FN:308,(anonymous_30)
FN:313,(anonymous_31)
FN:319,(anonymous_32)
FN:320,(anonymous_33)
FN:330,(anonymous_34)
FN:334,(anonymous_35)
FN:338,(anonymous_36)
FN:342,(anonymous_37)
FNF:28
FNH:0
FNDA:0,(anonymous_10)
FNDA:0,(anonymous_11)
FNDA:0,(anonymous_12)
FNDA:0,(anonymous_13)
FNDA:0,(anonymous_14)
FNDA:0,(anonymous_15)
FNDA:0,(anonymous_16)
FNDA:0,(anonymous_17)
FNDA:0,(anonymous_18)
FNDA:0,(anonymous_19)
FNDA:0,(anonymous_20)
FNDA:0,(anonymous_21)
FNDA:0,(anonymous_22)
FNDA:0,(anonymous_23)
FNDA:0,(anonymous_24)
FNDA:0,(anonymous_25)
FNDA:0,(anonymous_26)
FNDA:0,(anonymous_27)
FNDA:0,(anonymous_28)
FNDA:0,(anonymous_29)
FNDA:0,(anonymous_30)
FNDA:0,(anonymous_31)
FNDA:0,(anonymous_32)
FNDA:0,(anonymous_33)
FNDA:0,(anonymous_34)
FNDA:0,(anonymous_35)
FNDA:0,(anonymous_36)
FNDA:0,(anonymous_37)
DA:3,1
DA:4,1
DA:5,1
DA:19,1
DA:33,1
DA:37,0
DA:38,0
DA:39,0
DA:40,0
DA:42,0
DA:43,0
DA:44,0
DA:45,0
DA:48,0
DA:51,0
DA:56,0
DA:57,0
DA:58,0
DA:59,0
DA:61,0
DA:62,0
DA:63,0
DA:65,0
DA:66,0
DA:68,0
DA:69,0
DA:73,0
DA:81,0
DA:83,0
DA:84,0
DA:86,0
DA:87,0
DA:90,0
DA:94,0
DA:95,0
DA:102,0
DA:103,0
DA:104,0
DA:105,0
DA:111,0
DA:112,0
DA:113,0
DA:114,0
DA:115,0
DA:117,0
DA:118,0
DA:125,0
DA:126,0
DA:128,0
DA:129,0
DA:130,0
DA:133,0
DA:135,0
DA:136,0
DA:137,0
DA:138,0
DA:144,0
DA:148,0
DA:151,0
DA:156,0
DA:157,0
DA:160,0
DA:161,0
DA:165,0
DA:166,0
DA:167,0
DA:168,0
DA:171,0
DA:172,0
DA:173,0
DA:177,0
DA:180,0
DA:181,0
DA:182,0
DA:183,0
DA:185,0
DA:191,0
DA:192,0
DA:193,0
DA:196,0
DA:197,0
DA:200,0
DA:201,0
DA:205,0
DA:207,0
DA:210,0
DA:211,0
DA:213,0
DA:220,0
DA:221,0
DA:225,0
DA:227,0
DA:228,0
DA:229,0
DA:233,0
DA:235,0
DA:236,0
DA:237,0
DA:239,0
DA:240,0
DA:241,0
DA:242,0
DA:243,0
DA:246,0
DA:251,0
DA:253,0
DA:254,0
DA:260,0
DA:261,0
DA:263,0
DA:267,0
DA:268,0
DA:270,0
DA:271,0
DA:273,0
DA:274,0
DA:279,0
DA:280,0
DA:281,0
DA:282,0
DA:291,0
DA:294,0
DA:299,0
DA:307,0
DA:308,0
DA:309,0
DA:312,0
DA:313,0
DA:314,0
DA:319,0
DA:320,0
DA:322,0
DA:323,0
DA:324,0
DA:330,0
DA:331,0
DA:334,0
DA:335,0
DA:338,0
DA:339,0
DA:342,0
DA:343,0
DA:347,0
DA:369,0
LF:144
LH:5
BRDA:48,0,0,0
BRDA:48,0,1,0
BRDA:48,0,2,0
BRDA:51,1,0,0
BRDA:51,1,1,0
BRDA:51,2,0,0
BRDA:51,2,1,0
BRDA:52,3,0,0
BRDA:52,3,1,0
BRDA:62,4,0,0
BRDA:65,5,0,0
BRDA:68,6,0,0
BRDA:83,7,0,0
BRDA:86,8,0,0
BRDA:86,9,0,0
BRDA:86,9,1,0
BRDA:102,10,0,0
BRDA:104,11,0,0
BRDA:111,12,0,0
BRDA:114,13,0,0
BRDA:117,14,0,0
BRDA:125,15,0,0
BRDA:126,16,0,0
BRDA:126,16,1,0
BRDA:129,17,0,0
BRDA:133,18,0,0
BRDA:137,19,0,0
BRDA:137,20,0,0
BRDA:137,20,1,0
BRDA:160,21,0,0
BRDA:160,22,0,0
BRDA:160,22,1,0
BRDA:171,23,0,0
BRDA:192,24,0,0
BRDA:192,25,0,0
BRDA:192,25,1,0
BRDA:200,26,0,0
BRDA:200,27,0,0
BRDA:200,27,1,0
BRDA:205,28,0,0
BRDA:205,29,0,0
BRDA:205,29,1,0
BRDA:215,30,0,0
BRDA:215,30,1,0
BRDA:216,31,0,0
BRDA:216,31,1,0
BRDA:217,32,0,0
BRDA:217,32,1,0
BRDA:227,33,0,0
BRDA:235,34,0,0
BRDA:235,34,1,0
BRDA:235,35,0,0
BRDA:235,35,1,0
BRDA:235,35,2,0
BRDA:235,35,3,0
BRDA:237,36,0,0
BRDA:239,37,0,0
BRDA:239,38,0,0
BRDA:239,38,1,0
BRDA:239,38,2,0
BRDA:253,39,0,0
BRDA:253,39,1,0
BRDA:253,40,0,0
BRDA:253,40,1,0
BRDA:253,40,2,0
BRDA:270,41,0,0
BRDA:273,42,0,0
BRDA:273,43,0,0
BRDA:273,43,1,0
BRDA:273,43,2,0
BRDA:281,44,0,0
BRDA:294,45,0,0
BRDA:294,45,1,0
BRDA:294,45,2,0
BRDA:294,45,3,0
BRDA:294,45,4,0
BRDA:322,46,0,0
BRF:77
BRH:0
end_of_record
TN:
SF:src/realtime/stores/TokensStore.ts
FN:2,(anonymous_0)
FN:5,(anonymous_1)
FN:12,(anonymous_2)
FN:14,(anonymous_3)
FN:17,(anonymous_4)
FN:19,(anonymous_5)
FN:44,(anonymous_6)
FN:57,(anonymous_7)
FN:69,(anonymous_8)
FN:134,(anonymous_9)
FN:135,(anonymous_10)
FN:143,(anonymous_11)
FN:147,(anonymous_12)
FN:152,(anonymous_13)
FN:161,(anonymous_14)
FN:166,(anonymous_15)
FN:178,(anonymous_16)
FN:187,(anonymous_17)
FN:194,(anonymous_18)
FN:196,(anonymous_19)
FN:205,(anonymous_20)
FN:224,(anonymous_21)
FN:237,(anonymous_22)
FN:244,(anonymous_23)
FN:252,(anonymous_24)
FN:259,(anonymous_25)
FNF:26
FNH:0
FNDA:0,(anonymous_0)
FNDA:0,(anonymous_1)
FNDA:0,(anonymous_2)
FNDA:0,(anonymous_3)
FNDA:0,(anonymous_4)
FNDA:0,(anonymous_5)
FNDA:0,(anonymous_6)
FNDA:0,(anonymous_7)
FNDA:0,(anonymous_8)
FNDA:0,(anonymous_9)
FNDA:0,(anonymous_10)
FNDA:0,(anonymous_11)
FNDA:0,(anonymous_12)
FNDA:0,(anonymous_13)
FNDA:0,(anonymous_14)
FNDA:0,(anonymous_15)
FNDA:0,(anonymous_16)
FNDA:0,(anonymous_17)
FNDA:0,(anonymous_18)
FNDA:0,(anonymous_19)
FNDA:0,(anonymous_20)
FNDA:0,(anonymous_21)
FNDA:0,(anonymous_22)
FNDA:0,(anonymous_23)
FNDA:0,(anonymous_24)
FNDA:0,(anonymous_25)
DA:3,0
DA:6,0
DA:7,0
DA:9,0
DA:13,0
DA:14,0
DA:18,0
DA:19,0
DA:41,1
DA:45,0
DA:46,0
DA:58,0
DA:70,0
DA:72,0
DA:73,0
DA:75,0
DA:76,0
DA:77,0
DA:80,0
DA:81,0
DA:82,0
DA:85,0
DA:86,0
DA:87,0
DA:90,0
DA:91,0
DA:92,0
DA:95,0
DA:96,0
DA:97,0
DA:100,0
DA:101,0
DA:102,0
DA:105,0
DA:107,0
DA:110,0
DA:111,0
DA:115,0
DA:118,0
DA:119,0
DA:122,0
DA:123,0
DA:124,0
DA:127,0
DA:135,0
DA:136,0
DA:144,0
DA:147,0
DA:148,0
DA:152,0
DA:153,0
DA:154,0
DA:162,0
DA:165,0
DA:166,0
DA:167,0
DA:170,0
DA:171,0
DA:177,0
DA:178,0
DA:179,0
DA:188,0
DA:195,0
DA:196,0
DA:197,0
DA:206,0
DA:207,0
DA:208,0
DA:217,0
DA:225,0
DA:238,0
DA:245,0
DA:246,0
DA:253,0
DA:260,0
DA:261,0
DA:262,0
DA:265,0
DA:266,0
DA:267,0
DA:270,0
DA:271,0
DA:272,0
DA:276,0
DA:277,0
DA:278,0
DA:279,0
DA:284,0
LF:88
LH:1
BRDA:6,0,0,0
BRDA:13,1,0,0
BRDA:18,2,0,0
BRDA:73,3,0,0
BRDA:73,3,1,0
BRDA:73,3,2,0
BRDA:73,3,3,0
BRDA:73,3,4,0
BRDA:73,3,5,0
BRDA:73,3,6,0
BRDA:73,3,7,0
BRDA:73,3,8,0
BRDA:73,3,9,0
BRDA:122,4,0,0
BRDA:165,5,0,0
BRDA:170,6,0,0
BRDA:177,7,0,0
BRDA:195,8,0,0
BRDA:195,9,0,0
BRDA:195,9,1,0
BRDA:206,10,0,0
BRDA:206,11,0,0
BRDA:206,11,1,0
BRDA:211,12,0,0
BRDA:211,12,1,0
BRDA:212,13,0,0
BRDA:212,13,1,0
BRDA:213,14,0,0
BRDA:213,14,1,0
BRDA:214,15,0,0
BRDA:214,15,1,0
BRDA:215,16,0,0
BRDA:215,16,1,0
BRDA:266,17,0,0
BRDA:271,18,0,0
BRDA:277,19,0,0
BRDA:277,20,0,0
BRDA:277,20,1,0
BRDA:287,21,0,0
BRDA:287,21,1,0
BRF:40
BRH:0
end_of_record
TN:
SF:src/solvers/x-redeem-bearer.ts
FN:13,createRedeem
FNF:1
FNH:0
FNDA:0,createRedeem
DA:1,2
DA:9,2
DA:11,2
DA:13,2
DA:26,0
DA:28,0
DA:29,0
DA:32,0
DA:34,0
DA:41,0
LF:10
LH:4
BRDA:21,0,0,0
BRDA:22,1,0,0
BRDA:23,2,0,0
BRDA:28,3,0,0
BRF:4
BRH:0
end_of_record
TN:
SF:src/solvers/x-transfer-tokens-lte.ts
FN:12,createBoundedTransfer
FNF:1
FNH:0
FNDA:0,createBoundedTransfer
DA:1,2
DA:8,2
DA:10,2
DA:12,2
DA:26,0
DA:28,0
DA:29,0
DA:31,0
DA:32,0
DA:35,0
DA:37,0
DA:45,0
LF:12
LH:4
BRDA:21,0,0,0
BRDA:22,1,0,0
BRDA:23,2,0,0
BRDA:28,3,0,0
BRDA:31,4,0,0
BRF:5
BRH:0
end_of_record
TN:
SF:src/solvers/x-transfer-tokens.ts
FN:13,createTransfer
FN:68,recoverTransferSigner
FNF:2
FNH:0
FNDA:0,createTransfer
FNDA:0,recoverTransferSigner
DA:1,2
DA:8,2
DA:10,2
DA:11,2
DA:13,2
DA:26,0
DA:28,0
DA:29,0
DA:31,0
DA:32,0
DA:35,0
DA:37,0
DA:44,0
DA:68,2
DA:70,0
DA:81,0
DA:82,0
DA:85,0
LF:18
LH:6
BRDA:21,0,0,0
BRDA:22,1,0,0
BRDA:23,2,0,0
BRDA:28,3,0,0
BRDA:31,4,0,0
BRDA:81,5,0,0
BRF:6
BRH:0
end_of_record
TN:
SF:src/solvers/vaults/x-multihop-rc9.ts
FN:71,splitContractId
FN:90,buildInputTuple
FN:119,buildOutputTuple
FN:140,buildHopTuple
FN:160,buildXSwapTransaction
FN:211,recoverMultihopSigner
FN:242,broadcastMultihopTransaction
FN:281,executeMultihopSwap
FN:282,(anonymous_17)
FNF:9
FNH:1
FNDA:0,splitContractId
FNDA:0,buildInputTuple
FNDA:0,buildOutputTuple
FNDA:0,buildHopTuple
FNDA:0,buildXSwapTransaction
FNDA:1,recoverMultihopSigner
FNDA:0,broadcastMultihopTransaction
FNDA:0,executeMultihopSwap
FNDA:0,(anonymous_17)
DA:8,2
DA:22,2
DA:23,2
DA:24,2
DA:25,2
DA:27,2
DA:72,0
DA:73,0
DA:74,0
DA:76,0
DA:90,2
DA:97,0
DA:98,0
DA:99,0
DA:102,0
DA:104,0
DA:119,2
DA:121,0
DA:122,0
DA:123,0
DA:126,0
DA:128,0
DA:141,0
DA:142,0
DA:143,0
DA:160,2
DA:166,0
DA:167,0
DA:171,0
DA:178,0
DA:180,0
DA:186,0
DA:189,0
DA:190,0
DA:193,0
DA:211,2
DA:217,1
DA:228,1
DA:229,0
DA:232,1
DA:242,2
DA:247,0
DA:259,0
DA:260,0
DA:262,0
DA:263,0
DA:266,0
DA:269,0
DA:281,2
DA:282,0
DA:288,0
DA:291,0
DA:299,0
DA:300,0
DA:301,0
DA:302,0
DA:303,0
DA:304,0
DA:307,0
LF:59
LH:15
BRDA:73,0,0,0
BRDA:98,1,0,0
BRDA:122,2,0,0
BRDA:163,3,0,0
BRDA:166,4,0,0
BRDA:166,5,0,0
BRDA:166,5,1,0
BRDA:228,6,0,0
BRDA:255,7,0,0
BRDA:255,7,1,0
BRDA:259,8,0,0
BRDA:262,9,0,0
BRDA:285,10,0,0
BRF:13
BRH:0
end_of_record
TN:
SF:src/solvers/vaults/utils/postconditions.ts
FN:50,isSubnet
FN:60,isSublink
FN:70,getOutputPrincipal
FN:86,isStx
FN:96,getAssetId
FN:109,(anonymous_5)
FN:114,(anonymous_6)
FN:122,(anonymous_7)
FN:130,(anonymous_8)
FN:139,(anonymous_9)
FN:148,(anonymous_10)
FN:152,(anonymous_11)
FN:165,(anonymous_12)
FN:192,buildPostConditions
FN:196,(anonymous_14)
FNF:15
FNH:0
FNDA:0,isSubnet
FNDA:0,isSublink
FNDA:0,getOutputPrincipal
FNDA:0,isStx
FNDA:0,getAssetId
FNDA:0,(anonymous_5)
FNDA:0,(anonymous_6)
FNDA:0,(anonymous_7)
FNDA:0,(anonymous_8)
FNDA:0,(anonymous_9)
FNDA:0,(anonymous_10)
FNDA:0,(anonymous_11)
FNDA:0,(anonymous_12)
FNDA:0,buildPostConditions
FNDA:0,(anonymous_14)
DA:8,2
DA:12,2
DA:51,0
DA:61,0
DA:71,0
DA:72,0
DA:75,0
DA:87,0
DA:97,0
DA:106,0
DA:107,0
DA:109,0
DA:115,0
DA:116,0
DA:123,0
DA:124,0
DA:131,0
DA:132,0
DA:133,0
DA:140,0
DA:141,0
DA:142,0
DA:149,0
DA:152,0
DA:153,0
DA:154,0
DA:156,0
DA:157,0
DA:159,0
DA:160,0
DA:165,0
DA:166,0
DA:167,0
DA:169,0
DA:170,0
DA:172,0
DA:173,0
DA:177,0
DA:192,2
DA:193,0
DA:196,0
DA:197,0
DA:198,0
DA:201,0
DA:202,0
DA:203,0
DA:207,0
DA:208,0
DA:209,0
DA:210,0
DA:215,0
DA:216,0
DA:217,0
DA:218,0
DA:219,0
DA:220,0
DA:223,0
LF:57
LH:3
BRDA:71,0,0,0
BRDA:75,1,0,0
BRDA:75,1,1,0
BRDA:87,2,0,0
BRDA:87,2,1,0
BRDA:97,3,0,0
BRDA:97,3,1,0
BRDA:109,4,0,0
BRDA:116,5,0,0
BRDA:116,5,1,0
BRDA:116,6,0,0
BRDA:116,6,1,0
BRDA:124,7,0,0
BRDA:124,7,1,0
BRDA:124,8,0,0
BRDA:124,8,1,0
BRDA:156,9,0,0
BRDA:156,9,1,0
BRDA:169,10,0,0
BRDA:169,10,1,0
BRDA:192,11,0,0
BRDA:197,12,0,0
BRDA:197,12,1,0
BRDA:197,13,0,0
BRDA:197,13,1,0
BRDA:197,14,0,0
BRDA:197,14,1,0
BRDA:197,15,0,0
BRDA:197,15,1,0
BRDA:198,16,0,0
BRDA:198,16,1,0
BRDA:198,17,0,0
BRDA:198,17,1,0
BRDA:198,18,0,0
BRDA:198,18,1,0
BRDA:198,19,0,0
BRDA:198,19,1,0
BRDA:201,20,0,0
BRDA:207,21,0,0
BRDA:216,22,0,0
BRDA:218,23,0,0
BRDA:218,23,1,0
BRDA:218,24,0,0
BRDA:218,24,1,0
BRDA:218,25,0,0
BRDA:218,25,1,0
BRDA:218,26,0,0
BRDA:218,26,1,0
BRF:48
BRH:0
end_of_record
